Determining if the pthread_create exist failed with the following output:
Change Dir: /workspace/ws_moveit/build/moveit_ros_planning_interface/CMakeFiles/CMakeTmp

Run Build Command:"/usr/bin/make" "cmTC_794f7/fast"
/usr/bin/make -f CMakeFiles/cmTC_794f7.dir/build.make CMakeFiles/cmTC_794f7.dir/build
make[1]: Entering directory '/workspace/ws_moveit/build/moveit_ros_planning_interface/CMakeFiles/CMakeTmp'
Building C object CMakeFiles/cmTC_794f7.dir/CheckSymbolExists.c.o
/usr/bin/cc    -o CMakeFiles/cmTC_794f7.dir/CheckSymbolExists.c.o   -c /workspace/ws_moveit/build/moveit_ros_planning_interface/CMakeFiles/CMakeTmp/CheckSymbolExists.c
Linking C executable cmTC_794f7
/usr/bin/cmake -E cmake_link_script CMakeFiles/cmTC_794f7.dir/link.txt --verbose=1
/usr/bin/cc      -rdynamic CMakeFiles/cmTC_794f7.dir/CheckSymbolExists.c.o  -o cmTC_794f7 
CMakeFiles/cmTC_794f7.dir/CheckSymbolExists.c.o: In function `main':
CheckSymbolExists.c:(.text+0x1b): undefined reference to `pthread_create'
collect2: error: ld returned 1 exit status
CMakeFiles/cmTC_794f7.dir/build.make:97: recipe for target 'cmTC_794f7' failed
make[1]: *** [cmTC_794f7] Error 1
make[1]: Leaving directory '/workspace/ws_moveit/build/moveit_ros_planning_interface/CMakeFiles/CMakeTmp'
Makefile:126: recipe for target 'cmTC_794f7/fast' failed
make: *** [cmTC_794f7/fast] Error 2

File /workspace/ws_moveit/build/moveit_ros_planning_interface/CMakeFiles/CMakeTmp/CheckSymbolExists.c:
/* */
#include <pthread.h>

int main(int argc, char** argv)
{
  (void)argv;
#ifndef pthread_create
  return ((int*)(&pthread_create))[argc];
#else
  (void)argc;
  return 0;
#endif
}

Determining if the function pthread_create exists in the pthreads failed with the following output:
Change Dir: /workspace/ws_moveit/build/moveit_ros_planning_interface/CMakeFiles/CMakeTmp

Run Build Command:"/usr/bin/make" "cmTC_ced0b/fast"
/usr/bin/make -f CMakeFiles/cmTC_ced0b.dir/build.make CMakeFiles/cmTC_ced0b.dir/build
make[1]: Entering directory '/workspace/ws_moveit/build/moveit_ros_planning_interface/CMakeFiles/CMakeTmp'
Building C object CMakeFiles/cmTC_ced0b.dir/CheckFunctionExists.c.o
/usr/bin/cc   -DCHECK_FUNCTION_EXISTS=pthread_create   -o CMakeFiles/cmTC_ced0b.dir/CheckFunctionExists.c.o   -c /usr/share/cmake-3.10/Modules/CheckFunctionExists.c
Linking C executable cmTC_ced0b
/usr/bin/cmake -E cmake_link_script CMakeFiles/cmTC_ced0b.dir/link.txt --verbose=1
/usr/bin/cc  -DCHECK_FUNCTION_EXISTS=pthread_create    -rdynamic CMakeFiles/cmTC_ced0b.dir/CheckFunctionExists.c.o  -o cmTC_ced0b -lpthreads 
/usr/bin/ld: cannot find -lpthreads
collect2: error: ld returned 1 exit status
CMakeFiles/cmTC_ced0b.dir/build.make:97: recipe for target 'cmTC_ced0b' failed
make[1]: *** [cmTC_ced0b] Error 1
make[1]: Leaving directory '/workspace/ws_moveit/build/moveit_ros_planning_interface/CMakeFiles/CMakeTmp'
Makefile:126: recipe for target 'cmTC_ced0b/fast' failed
make: *** [cmTC_ced0b/fast] Error 2


