Determining if the pthread_create exist failed with the following output:
Change Dir: /workspace/ws_moveit/build/moveit_simple_controller_manager/CMakeFiles/CMakeTmp

Run Build Command:"/usr/bin/make" "cmTC_3c5bc/fast"
/usr/bin/make -f CMakeFiles/cmTC_3c5bc.dir/build.make CMakeFiles/cmTC_3c5bc.dir/build
make[1]: Entering directory '/workspace/ws_moveit/build/moveit_simple_controller_manager/CMakeFiles/CMakeTmp'
Building C object CMakeFiles/cmTC_3c5bc.dir/CheckSymbolExists.c.o
/usr/bin/cc    -o CMakeFiles/cmTC_3c5bc.dir/CheckSymbolExists.c.o   -c /workspace/ws_moveit/build/moveit_simple_controller_manager/CMakeFiles/CMakeTmp/CheckSymbolExists.c
Linking C executable cmTC_3c5bc
/usr/bin/cmake -E cmake_link_script CMakeFiles/cmTC_3c5bc.dir/link.txt --verbose=1
/usr/bin/cc      -rdynamic CMakeFiles/cmTC_3c5bc.dir/CheckSymbolExists.c.o  -o cmTC_3c5bc 
CMakeFiles/cmTC_3c5bc.dir/CheckSymbolExists.c.o: In function `main':
CheckSymbolExists.c:(.text+0x1b): undefined reference to `pthread_create'
collect2: error: ld returned 1 exit status
CMakeFiles/cmTC_3c5bc.dir/build.make:97: recipe for target 'cmTC_3c5bc' failed
make[1]: *** [cmTC_3c5bc] Error 1
make[1]: Leaving directory '/workspace/ws_moveit/build/moveit_simple_controller_manager/CMakeFiles/CMakeTmp'
Makefile:126: recipe for target 'cmTC_3c5bc/fast' failed
make: *** [cmTC_3c5bc/fast] Error 2

File /workspace/ws_moveit/build/moveit_simple_controller_manager/CMakeFiles/CMakeTmp/CheckSymbolExists.c:
/* */
#include <pthread.h>

int main(int argc, char** argv)
{
  (void)argv;
#ifndef pthread_create
  return ((int*)(&pthread_create))[argc];
#else
  (void)argc;
  return 0;
#endif
}

Determining if the function pthread_create exists in the pthreads failed with the following output:
Change Dir: /workspace/ws_moveit/build/moveit_simple_controller_manager/CMakeFiles/CMakeTmp

Run Build Command:"/usr/bin/make" "cmTC_8377c/fast"
/usr/bin/make -f CMakeFiles/cmTC_8377c.dir/build.make CMakeFiles/cmTC_8377c.dir/build
make[1]: Entering directory '/workspace/ws_moveit/build/moveit_simple_controller_manager/CMakeFiles/CMakeTmp'
Building C object CMakeFiles/cmTC_8377c.dir/CheckFunctionExists.c.o
/usr/bin/cc   -DCHECK_FUNCTION_EXISTS=pthread_create   -o CMakeFiles/cmTC_8377c.dir/CheckFunctionExists.c.o   -c /usr/share/cmake-3.10/Modules/CheckFunctionExists.c
Linking C executable cmTC_8377c
/usr/bin/cmake -E cmake_link_script CMakeFiles/cmTC_8377c.dir/link.txt --verbose=1
/usr/bin/cc  -DCHECK_FUNCTION_EXISTS=pthread_create    -rdynamic CMakeFiles/cmTC_8377c.dir/CheckFunctionExists.c.o  -o cmTC_8377c -lpthreads 
/usr/bin/ld: cannot find -lpthreads
collect2: error: ld returned 1 exit status
CMakeFiles/cmTC_8377c.dir/build.make:97: recipe for target 'cmTC_8377c' failed
make[1]: *** [cmTC_8377c] Error 1
make[1]: Leaving directory '/workspace/ws_moveit/build/moveit_simple_controller_manager/CMakeFiles/CMakeTmp'
Makefile:126: recipe for target 'cmTC_8377c/fast' failed
make: *** [cmTC_8377c/fast] Error 2


