Determining if the pthread_create exist failed with the following output:
Change Dir: /workspace/ws_denso/build/bcap_core/CMakeFiles/CMakeTmp

Run Build Command:"/usr/bin/make" "cmTC_7a0e9/fast"
/usr/bin/make -f CMakeFiles/cmTC_7a0e9.dir/build.make CMakeFiles/cmTC_7a0e9.dir/build
make[1]: Entering directory '/workspace/ws_denso/build/bcap_core/CMakeFiles/CMakeTmp'
Building C object CMakeFiles/cmTC_7a0e9.dir/CheckSymbolExists.c.o
/usr/bin/cc    -o CMakeFiles/cmTC_7a0e9.dir/CheckSymbolExists.c.o   -c /workspace/ws_denso/build/bcap_core/CMakeFiles/CMakeTmp/CheckSymbolExists.c
Linking C executable cmTC_7a0e9
/usr/bin/cmake -E cmake_link_script CMakeFiles/cmTC_7a0e9.dir/link.txt --verbose=1
/usr/bin/cc      -rdynamic CMakeFiles/cmTC_7a0e9.dir/CheckSymbolExists.c.o  -o cmTC_7a0e9 
CMakeFiles/cmTC_7a0e9.dir/CheckSymbolExists.c.o: In function `main':
CheckSymbolExists.c:(.text+0x1b): undefined reference to `pthread_create'
collect2: error: ld returned 1 exit status
CMakeFiles/cmTC_7a0e9.dir/build.make:97: recipe for target 'cmTC_7a0e9' failed
make[1]: *** [cmTC_7a0e9] Error 1
make[1]: Leaving directory '/workspace/ws_denso/build/bcap_core/CMakeFiles/CMakeTmp'
Makefile:126: recipe for target 'cmTC_7a0e9/fast' failed
make: *** [cmTC_7a0e9/fast] Error 2

File /workspace/ws_denso/build/bcap_core/CMakeFiles/CMakeTmp/CheckSymbolExists.c:
/* */
#include <pthread.h>

int main(int argc, char** argv)
{
  (void)argv;
#ifndef pthread_create
  return ((int*)(&pthread_create))[argc];
#else
  (void)argc;
  return 0;
#endif
}

Determining if the function pthread_create exists in the pthreads failed with the following output:
Change Dir: /workspace/ws_denso/build/bcap_core/CMakeFiles/CMakeTmp

Run Build Command:"/usr/bin/make" "cmTC_28eee/fast"
/usr/bin/make -f CMakeFiles/cmTC_28eee.dir/build.make CMakeFiles/cmTC_28eee.dir/build
make[1]: Entering directory '/workspace/ws_denso/build/bcap_core/CMakeFiles/CMakeTmp'
Building C object CMakeFiles/cmTC_28eee.dir/CheckFunctionExists.c.o
/usr/bin/cc   -DCHECK_FUNCTION_EXISTS=pthread_create   -o CMakeFiles/cmTC_28eee.dir/CheckFunctionExists.c.o   -c /usr/share/cmake-3.10/Modules/CheckFunctionExists.c
Linking C executable cmTC_28eee
/usr/bin/cmake -E cmake_link_script CMakeFiles/cmTC_28eee.dir/link.txt --verbose=1
/usr/bin/cc  -DCHECK_FUNCTION_EXISTS=pthread_create    -rdynamic CMakeFiles/cmTC_28eee.dir/CheckFunctionExists.c.o  -o cmTC_28eee -lpthreads 
/usr/bin/ld: cannot find -lpthreads
collect2: error: ld returned 1 exit status
CMakeFiles/cmTC_28eee.dir/build.make:97: recipe for target 'cmTC_28eee' failed
make[1]: *** [cmTC_28eee] Error 1
make[1]: Leaving directory '/workspace/ws_denso/build/bcap_core/CMakeFiles/CMakeTmp'
Makefile:126: recipe for target 'cmTC_28eee/fast' failed
make: *** [cmTC_28eee/fast] Error 2


