Determining if the pthread_create exist failed with the following output:
Change Dir: /workspace/ws_moveit/build/moveit_resources_prbt_support/CMakeFiles/CMakeTmp

Run Build Command:"/usr/bin/make" "cmTC_41320/fast"
/usr/bin/make -f CMakeFiles/cmTC_41320.dir/build.make CMakeFiles/cmTC_41320.dir/build
make[1]: Entering directory '/workspace/ws_moveit/build/moveit_resources_prbt_support/CMakeFiles/CMakeTmp'
Building C object CMakeFiles/cmTC_41320.dir/CheckSymbolExists.c.o
/usr/bin/cc    -o CMakeFiles/cmTC_41320.dir/CheckSymbolExists.c.o   -c /workspace/ws_moveit/build/moveit_resources_prbt_support/CMakeFiles/CMakeTmp/CheckSymbolExists.c
Linking C executable cmTC_41320
/usr/bin/cmake -E cmake_link_script CMakeFiles/cmTC_41320.dir/link.txt --verbose=1
/usr/bin/cc      -rdynamic CMakeFiles/cmTC_41320.dir/CheckSymbolExists.c.o  -o cmTC_41320 
CMakeFiles/cmTC_41320.dir/CheckSymbolExists.c.o: In function `main':
CheckSymbolExists.c:(.text+0x1b): undefined reference to `pthread_create'
collect2: error: ld returned 1 exit status
CMakeFiles/cmTC_41320.dir/build.make:97: recipe for target 'cmTC_41320' failed
make[1]: *** [cmTC_41320] Error 1
make[1]: Leaving directory '/workspace/ws_moveit/build/moveit_resources_prbt_support/CMakeFiles/CMakeTmp'
Makefile:126: recipe for target 'cmTC_41320/fast' failed
make: *** [cmTC_41320/fast] Error 2

File /workspace/ws_moveit/build/moveit_resources_prbt_support/CMakeFiles/CMakeTmp/CheckSymbolExists.c:
/* */
#include <pthread.h>

int main(int argc, char** argv)
{
  (void)argv;
#ifndef pthread_create
  return ((int*)(&pthread_create))[argc];
#else
  (void)argc;
  return 0;
#endif
}

Determining if the function pthread_create exists in the pthreads failed with the following output:
Change Dir: /workspace/ws_moveit/build/moveit_resources_prbt_support/CMakeFiles/CMakeTmp

Run Build Command:"/usr/bin/make" "cmTC_81d82/fast"
/usr/bin/make -f CMakeFiles/cmTC_81d82.dir/build.make CMakeFiles/cmTC_81d82.dir/build
make[1]: Entering directory '/workspace/ws_moveit/build/moveit_resources_prbt_support/CMakeFiles/CMakeTmp'
Building C object CMakeFiles/cmTC_81d82.dir/CheckFunctionExists.c.o
/usr/bin/cc   -DCHECK_FUNCTION_EXISTS=pthread_create   -o CMakeFiles/cmTC_81d82.dir/CheckFunctionExists.c.o   -c /usr/share/cmake-3.10/Modules/CheckFunctionExists.c
Linking C executable cmTC_81d82
/usr/bin/cmake -E cmake_link_script CMakeFiles/cmTC_81d82.dir/link.txt --verbose=1
/usr/bin/cc  -DCHECK_FUNCTION_EXISTS=pthread_create    -rdynamic CMakeFiles/cmTC_81d82.dir/CheckFunctionExists.c.o  -o cmTC_81d82 -lpthreads 
/usr/bin/ld: cannot find -lpthreads
collect2: error: ld returned 1 exit status
CMakeFiles/cmTC_81d82.dir/build.make:97: recipe for target 'cmTC_81d82' failed
make[1]: *** [cmTC_81d82] Error 1
make[1]: Leaving directory '/workspace/ws_moveit/build/moveit_resources_prbt_support/CMakeFiles/CMakeTmp'
Makefile:126: recipe for target 'cmTC_81d82/fast' failed
make: *** [cmTC_81d82/fast] Error 2


