Determining if the pthread_create exist failed with the following output:
Change Dir: /workspace/ws_denso/build/denso_robot_control/CMakeFiles/CMakeTmp

Run Build Command:"/usr/bin/make" "cmTC_eee51/fast"
/usr/bin/make -f CMakeFiles/cmTC_eee51.dir/build.make CMakeFiles/cmTC_eee51.dir/build
make[1]: Entering directory '/workspace/ws_denso/build/denso_robot_control/CMakeFiles/CMakeTmp'
Building C object CMakeFiles/cmTC_eee51.dir/CheckSymbolExists.c.o
/usr/bin/cc    -o CMakeFiles/cmTC_eee51.dir/CheckSymbolExists.c.o   -c /workspace/ws_denso/build/denso_robot_control/CMakeFiles/CMakeTmp/CheckSymbolExists.c
Linking C executable cmTC_eee51
/usr/bin/cmake -E cmake_link_script CMakeFiles/cmTC_eee51.dir/link.txt --verbose=1
/usr/bin/cc      -rdynamic CMakeFiles/cmTC_eee51.dir/CheckSymbolExists.c.o  -o cmTC_eee51 
CMakeFiles/cmTC_eee51.dir/CheckSymbolExists.c.o: In function `main':
CheckSymbolExists.c:(.text+0x1b): undefined reference to `pthread_create'
collect2: error: ld returned 1 exit status
CMakeFiles/cmTC_eee51.dir/build.make:97: recipe for target 'cmTC_eee51' failed
make[1]: *** [cmTC_eee51] Error 1
make[1]: Leaving directory '/workspace/ws_denso/build/denso_robot_control/CMakeFiles/CMakeTmp'
Makefile:126: recipe for target 'cmTC_eee51/fast' failed
make: *** [cmTC_eee51/fast] Error 2

File /workspace/ws_denso/build/denso_robot_control/CMakeFiles/CMakeTmp/CheckSymbolExists.c:
/* */
#include <pthread.h>

int main(int argc, char** argv)
{
  (void)argv;
#ifndef pthread_create
  return ((int*)(&pthread_create))[argc];
#else
  (void)argc;
  return 0;
#endif
}

Determining if the function pthread_create exists in the pthreads failed with the following output:
Change Dir: /workspace/ws_denso/build/denso_robot_control/CMakeFiles/CMakeTmp

Run Build Command:"/usr/bin/make" "cmTC_207a7/fast"
/usr/bin/make -f CMakeFiles/cmTC_207a7.dir/build.make CMakeFiles/cmTC_207a7.dir/build
make[1]: Entering directory '/workspace/ws_denso/build/denso_robot_control/CMakeFiles/CMakeTmp'
Building C object CMakeFiles/cmTC_207a7.dir/CheckFunctionExists.c.o
/usr/bin/cc   -DCHECK_FUNCTION_EXISTS=pthread_create   -o CMakeFiles/cmTC_207a7.dir/CheckFunctionExists.c.o   -c /usr/share/cmake-3.10/Modules/CheckFunctionExists.c
Linking C executable cmTC_207a7
/usr/bin/cmake -E cmake_link_script CMakeFiles/cmTC_207a7.dir/link.txt --verbose=1
/usr/bin/cc  -DCHECK_FUNCTION_EXISTS=pthread_create    -rdynamic CMakeFiles/cmTC_207a7.dir/CheckFunctionExists.c.o  -o cmTC_207a7 -lpthreads 
/usr/bin/ld: cannot find -lpthreads
collect2: error: ld returned 1 exit status
CMakeFiles/cmTC_207a7.dir/build.make:97: recipe for target 'cmTC_207a7' failed
make[1]: *** [cmTC_207a7] Error 1
make[1]: Leaving directory '/workspace/ws_denso/build/denso_robot_control/CMakeFiles/CMakeTmp'
Makefile:126: recipe for target 'cmTC_207a7/fast' failed
make: *** [cmTC_207a7/fast] Error 2


