Determining if the pthread_create exist failed with the following output:
Change Dir: /workspace/ws_moveit/build/moveit_setup_assistant/CMakeFiles/CMakeTmp

Run Build Command:"/usr/bin/make" "cmTC_ee29e/fast"
/usr/bin/make -f CMakeFiles/cmTC_ee29e.dir/build.make CMakeFiles/cmTC_ee29e.dir/build
make[1]: Entering directory '/workspace/ws_moveit/build/moveit_setup_assistant/CMakeFiles/CMakeTmp'
Building C object CMakeFiles/cmTC_ee29e.dir/CheckSymbolExists.c.o
/usr/bin/cc    -o CMakeFiles/cmTC_ee29e.dir/CheckSymbolExists.c.o   -c /workspace/ws_moveit/build/moveit_setup_assistant/CMakeFiles/CMakeTmp/CheckSymbolExists.c
Linking C executable cmTC_ee29e
/usr/bin/cmake -E cmake_link_script CMakeFiles/cmTC_ee29e.dir/link.txt --verbose=1
/usr/bin/cc      -rdynamic CMakeFiles/cmTC_ee29e.dir/CheckSymbolExists.c.o  -o cmTC_ee29e 
CMakeFiles/cmTC_ee29e.dir/CheckSymbolExists.c.o: In function `main':
CheckSymbolExists.c:(.text+0x1b): undefined reference to `pthread_create'
collect2: error: ld returned 1 exit status
CMakeFiles/cmTC_ee29e.dir/build.make:97: recipe for target 'cmTC_ee29e' failed
make[1]: *** [cmTC_ee29e] Error 1
make[1]: Leaving directory '/workspace/ws_moveit/build/moveit_setup_assistant/CMakeFiles/CMakeTmp'
Makefile:126: recipe for target 'cmTC_ee29e/fast' failed
make: *** [cmTC_ee29e/fast] Error 2

File /workspace/ws_moveit/build/moveit_setup_assistant/CMakeFiles/CMakeTmp/CheckSymbolExists.c:
/* */
#include <pthread.h>

int main(int argc, char** argv)
{
  (void)argv;
#ifndef pthread_create
  return ((int*)(&pthread_create))[argc];
#else
  (void)argc;
  return 0;
#endif
}

Determining if the function pthread_create exists in the pthreads failed with the following output:
Change Dir: /workspace/ws_moveit/build/moveit_setup_assistant/CMakeFiles/CMakeTmp

Run Build Command:"/usr/bin/make" "cmTC_20be6/fast"
/usr/bin/make -f CMakeFiles/cmTC_20be6.dir/build.make CMakeFiles/cmTC_20be6.dir/build
make[1]: Entering directory '/workspace/ws_moveit/build/moveit_setup_assistant/CMakeFiles/CMakeTmp'
Building C object CMakeFiles/cmTC_20be6.dir/CheckFunctionExists.c.o
/usr/bin/cc   -DCHECK_FUNCTION_EXISTS=pthread_create   -o CMakeFiles/cmTC_20be6.dir/CheckFunctionExists.c.o   -c /usr/share/cmake-3.10/Modules/CheckFunctionExists.c
Linking C executable cmTC_20be6
/usr/bin/cmake -E cmake_link_script CMakeFiles/cmTC_20be6.dir/link.txt --verbose=1
/usr/bin/cc  -DCHECK_FUNCTION_EXISTS=pthread_create    -rdynamic CMakeFiles/cmTC_20be6.dir/CheckFunctionExists.c.o  -o cmTC_20be6 -lpthreads 
/usr/bin/ld: cannot find -lpthreads
collect2: error: ld returned 1 exit status
CMakeFiles/cmTC_20be6.dir/build.make:97: recipe for target 'cmTC_20be6' failed
make[1]: *** [cmTC_20be6] Error 1
make[1]: Leaving directory '/workspace/ws_moveit/build/moveit_setup_assistant/CMakeFiles/CMakeTmp'
Makefile:126: recipe for target 'cmTC_20be6/fast' failed
make: *** [cmTC_20be6/fast] Error 2


