Determining if the pthread_create exist failed with the following output:
Change Dir: /workspace/ws_moveit/build/moveit_resources_fanuc_moveit_config/CMakeFiles/CMakeTmp

Run Build Command:"/usr/bin/make" "cmTC_af7db/fast"
/usr/bin/make -f CMakeFiles/cmTC_af7db.dir/build.make CMakeFiles/cmTC_af7db.dir/build
make[1]: Entering directory '/workspace/ws_moveit/build/moveit_resources_fanuc_moveit_config/CMakeFiles/CMakeTmp'
Building C object CMakeFiles/cmTC_af7db.dir/CheckSymbolExists.c.o
/usr/bin/cc    -o CMakeFiles/cmTC_af7db.dir/CheckSymbolExists.c.o   -c /workspace/ws_moveit/build/moveit_resources_fanuc_moveit_config/CMakeFiles/CMakeTmp/CheckSymbolExists.c
Linking C executable cmTC_af7db
/usr/bin/cmake -E cmake_link_script CMakeFiles/cmTC_af7db.dir/link.txt --verbose=1
/usr/bin/cc      -rdynamic CMakeFiles/cmTC_af7db.dir/CheckSymbolExists.c.o  -o cmTC_af7db 
CMakeFiles/cmTC_af7db.dir/CheckSymbolExists.c.o: In function `main':
CheckSymbolExists.c:(.text+0x1b): undefined reference to `pthread_create'
collect2: error: ld returned 1 exit status
CMakeFiles/cmTC_af7db.dir/build.make:97: recipe for target 'cmTC_af7db' failed
make[1]: *** [cmTC_af7db] Error 1
make[1]: Leaving directory '/workspace/ws_moveit/build/moveit_resources_fanuc_moveit_config/CMakeFiles/CMakeTmp'
Makefile:126: recipe for target 'cmTC_af7db/fast' failed
make: *** [cmTC_af7db/fast] Error 2

File /workspace/ws_moveit/build/moveit_resources_fanuc_moveit_config/CMakeFiles/CMakeTmp/CheckSymbolExists.c:
/* */
#include <pthread.h>

int main(int argc, char** argv)
{
  (void)argv;
#ifndef pthread_create
  return ((int*)(&pthread_create))[argc];
#else
  (void)argc;
  return 0;
#endif
}

Determining if the function pthread_create exists in the pthreads failed with the following output:
Change Dir: /workspace/ws_moveit/build/moveit_resources_fanuc_moveit_config/CMakeFiles/CMakeTmp

Run Build Command:"/usr/bin/make" "cmTC_88641/fast"
/usr/bin/make -f CMakeFiles/cmTC_88641.dir/build.make CMakeFiles/cmTC_88641.dir/build
make[1]: Entering directory '/workspace/ws_moveit/build/moveit_resources_fanuc_moveit_config/CMakeFiles/CMakeTmp'
Building C object CMakeFiles/cmTC_88641.dir/CheckFunctionExists.c.o
/usr/bin/cc   -DCHECK_FUNCTION_EXISTS=pthread_create   -o CMakeFiles/cmTC_88641.dir/CheckFunctionExists.c.o   -c /usr/share/cmake-3.10/Modules/CheckFunctionExists.c
Linking C executable cmTC_88641
/usr/bin/cmake -E cmake_link_script CMakeFiles/cmTC_88641.dir/link.txt --verbose=1
/usr/bin/cc  -DCHECK_FUNCTION_EXISTS=pthread_create    -rdynamic CMakeFiles/cmTC_88641.dir/CheckFunctionExists.c.o  -o cmTC_88641 -lpthreads 
/usr/bin/ld: cannot find -lpthreads
collect2: error: ld returned 1 exit status
CMakeFiles/cmTC_88641.dir/build.make:97: recipe for target 'cmTC_88641' failed
make[1]: *** [cmTC_88641] Error 1
make[1]: Leaving directory '/workspace/ws_moveit/build/moveit_resources_fanuc_moveit_config/CMakeFiles/CMakeTmp'
Makefile:126: recipe for target 'cmTC_88641/fast' failed
make: *** [cmTC_88641/fast] Error 2


