Symlinking /workspace/ws_denso/devel/include/bcap_service/bcap.h
Symlinking /workspace/ws_denso/devel/include/bcap_service/bcapRequest.h
Symlinking /workspace/ws_denso/devel/include/bcap_service/bcapResponse.h
Symlinking /workspace/ws_denso/devel/include/bcap_service/variant.h
Symlinking /workspace/ws_denso/devel/lib/libbcap_service.so
Symlinking /workspace/ws_denso/devel/lib/bcap_service/bcap_service_exec
Symlinking /workspace/ws_denso/devel/lib/pkgconfig/bcap_service.pc
Symlinking /workspace/ws_denso/devel/lib/python2.7/dist-packages/bcap_service/__init__.py
Symlinking /workspace/ws_denso/devel/lib/python2.7/dist-packages/bcap_service/msg/_variant.py
Symlinking /workspace/ws_denso/devel/lib/python2.7/dist-packages/bcap_service/msg/__init__.py
Symlinking /workspace/ws_denso/devel/lib/python2.7/dist-packages/bcap_service/srv/_bcap.py
Symlinking /workspace/ws_denso/devel/lib/python2.7/dist-packages/bcap_service/srv/__init__.py
Symlinking /workspace/ws_denso/devel/share/bcap_service/cmake/bcap_service-msg-extras.cmake
Symlinking /workspace/ws_denso/devel/share/bcap_service/cmake/bcap_service-msg-paths.cmake
Symlinking /workspace/ws_denso/devel/share/bcap_service/cmake/bcap_serviceConfig-version.cmake
Symlinking /workspace/ws_denso/devel/share/bcap_service/cmake/bcap_serviceConfig.cmake
Symlinking /workspace/ws_denso/devel/share/common-lisp/ros/bcap_service/msg/bcap_service-msg.asd
Symlinking /workspace/ws_denso/devel/share/common-lisp/ros/bcap_service/msg/variant.lisp
Symlinking /workspace/ws_denso/devel/share/common-lisp/ros/bcap_service/msg/_package.lisp
Symlinking /workspace/ws_denso/devel/share/common-lisp/ros/bcap_service/msg/_package_variant.lisp
Symlinking /workspace/ws_denso/devel/share/common-lisp/ros/bcap_service/srv/bcap.lisp
Symlinking /workspace/ws_denso/devel/share/common-lisp/ros/bcap_service/srv/bcap_service-srv.asd
Symlinking /workspace/ws_denso/devel/share/common-lisp/ros/bcap_service/srv/_package.lisp
Symlinking /workspace/ws_denso/devel/share/common-lisp/ros/bcap_service/srv/_package_bcap.lisp
Symlinking /workspace/ws_denso/devel/share/gennodejs/ros/bcap_service/_index.js
Symlinking /workspace/ws_denso/devel/share/gennodejs/ros/bcap_service/msg/variant.js
Symlinking /workspace/ws_denso/devel/share/gennodejs/ros/bcap_service/msg/_index.js
Symlinking /workspace/ws_denso/devel/share/gennodejs/ros/bcap_service/srv/bcap.js
Symlinking /workspace/ws_denso/devel/share/gennodejs/ros/bcap_service/srv/_index.js
Symlinking /workspace/ws_denso/devel/share/roseus/ros/bcap_service/manifest.l
Symlinking /workspace/ws_denso/devel/share/roseus/ros/bcap_service/msg/variant.l
Symlinking /workspace/ws_denso/devel/share/roseus/ros/bcap_service/srv/bcap.l
