Determining if the pthread_create exist failed with the following output:
Change Dir: /workspace/ws_moveit/build/moveit_ros_occupancy_map_monitor/CMakeFiles/CMakeTmp

Run Build Command:"/usr/bin/make" "cmTC_a521b/fast"
/usr/bin/make -f CMakeFiles/cmTC_a521b.dir/build.make CMakeFiles/cmTC_a521b.dir/build
make[1]: Entering directory '/workspace/ws_moveit/build/moveit_ros_occupancy_map_monitor/CMakeFiles/CMakeTmp'
Building C object CMakeFiles/cmTC_a521b.dir/CheckSymbolExists.c.o
/usr/bin/cc    -o CMakeFiles/cmTC_a521b.dir/CheckSymbolExists.c.o   -c /workspace/ws_moveit/build/moveit_ros_occupancy_map_monitor/CMakeFiles/CMakeTmp/CheckSymbolExists.c
Linking C executable cmTC_a521b
/usr/bin/cmake -E cmake_link_script CMakeFiles/cmTC_a521b.dir/link.txt --verbose=1
/usr/bin/cc      -rdynamic CMakeFiles/cmTC_a521b.dir/CheckSymbolExists.c.o  -o cmTC_a521b 
CMakeFiles/cmTC_a521b.dir/CheckSymbolExists.c.o: In function `main':
CheckSymbolExists.c:(.text+0x1b): undefined reference to `pthread_create'
collect2: error: ld returned 1 exit status
CMakeFiles/cmTC_a521b.dir/build.make:97: recipe for target 'cmTC_a521b' failed
make[1]: *** [cmTC_a521b] Error 1
make[1]: Leaving directory '/workspace/ws_moveit/build/moveit_ros_occupancy_map_monitor/CMakeFiles/CMakeTmp'
Makefile:126: recipe for target 'cmTC_a521b/fast' failed
make: *** [cmTC_a521b/fast] Error 2

File /workspace/ws_moveit/build/moveit_ros_occupancy_map_monitor/CMakeFiles/CMakeTmp/CheckSymbolExists.c:
/* */
#include <pthread.h>

int main(int argc, char** argv)
{
  (void)argv;
#ifndef pthread_create
  return ((int*)(&pthread_create))[argc];
#else
  (void)argc;
  return 0;
#endif
}

Determining if the function pthread_create exists in the pthreads failed with the following output:
Change Dir: /workspace/ws_moveit/build/moveit_ros_occupancy_map_monitor/CMakeFiles/CMakeTmp

Run Build Command:"/usr/bin/make" "cmTC_54713/fast"
/usr/bin/make -f CMakeFiles/cmTC_54713.dir/build.make CMakeFiles/cmTC_54713.dir/build
make[1]: Entering directory '/workspace/ws_moveit/build/moveit_ros_occupancy_map_monitor/CMakeFiles/CMakeTmp'
Building C object CMakeFiles/cmTC_54713.dir/CheckFunctionExists.c.o
/usr/bin/cc   -DCHECK_FUNCTION_EXISTS=pthread_create   -o CMakeFiles/cmTC_54713.dir/CheckFunctionExists.c.o   -c /usr/share/cmake-3.10/Modules/CheckFunctionExists.c
Linking C executable cmTC_54713
/usr/bin/cmake -E cmake_link_script CMakeFiles/cmTC_54713.dir/link.txt --verbose=1
/usr/bin/cc  -DCHECK_FUNCTION_EXISTS=pthread_create    -rdynamic CMakeFiles/cmTC_54713.dir/CheckFunctionExists.c.o  -o cmTC_54713 -lpthreads 
/usr/bin/ld: cannot find -lpthreads
collect2: error: ld returned 1 exit status
CMakeFiles/cmTC_54713.dir/build.make:97: recipe for target 'cmTC_54713' failed
make[1]: *** [cmTC_54713] Error 1
make[1]: Leaving directory '/workspace/ws_moveit/build/moveit_ros_occupancy_map_monitor/CMakeFiles/CMakeTmp'
Makefile:126: recipe for target 'cmTC_54713/fast' failed
make: *** [cmTC_54713/fast] Error 2


