Not searching for unused variables given on the command line.
[36m--[0m The C compiler identification is GNU 7.5.0
[36m--[0m The CXX compiler identification is GNU 7.5.0
[36m--[0m Check for working C compiler: /usr/bin/cc
[36m--[0m Check for working C compiler: /usr/bin/cc -- works
[36m--[0m Detecting C compiler ABI info
[36m--[0m Detecting C compiler ABI info - done
[36m--[0m Detecting C compile features
[36m--[0m Detecting C compile features - done
[36m--[0m Check for working CXX compiler: /usr/bin/c++
[36m--[0m Check for working CXX compiler: /usr/bin/c++ -- works
[36m--[0m Detecting CXX compiler ABI info
[36m--[0m Detecting CXX compiler ABI info - done
[36m--[0m Detecting CXX compile features
[36m--[0m Detecting CXX compile features - done
[36m--[0m Found PkgConfig: /usr/bin/pkg-config (found version "0.29.1")
[36m--[0m Boost version: 1.65.1
[36m--[0m Found the following Boost libraries:
[36m--[0m   system
[36m--[0m   filesystem
[36m--[0m Checking for module 'fcl'
[36m--[0m   No package 'fcl' found
[31m[1mCMake Error[0m at /usr/share/cmake-3.10/Modules/FindPkgConfig.cmake:419 (message):
  A required package was not found
[36mCall Stack (most recent call first):[0m
  /usr/share/cmake-3.10/Modules/FindPkgConfig.cmake:597 (_pkg_check_modules_internal)
  CMakeLists.txt:51 (pkg_check_modules)


[36m--[0m Configuring incomplete, errors occurred!
See also "/workspace/ws_moveit/build/geometric_shapes/CMakeFiles/CMakeOutput.log".
