Determining if the pthread_create exist failed with the following output:
Change Dir: /workspace/ws_moveit/build/moveit_ros_planning/CMakeFiles/CMakeTmp

Run Build Command:"/usr/bin/make" "cmTC_56073/fast"
/usr/bin/make -f CMakeFiles/cmTC_56073.dir/build.make CMakeFiles/cmTC_56073.dir/build
make[1]: Entering directory '/workspace/ws_moveit/build/moveit_ros_planning/CMakeFiles/CMakeTmp'
Building C object CMakeFiles/cmTC_56073.dir/CheckSymbolExists.c.o
/usr/bin/cc    -o CMakeFiles/cmTC_56073.dir/CheckSymbolExists.c.o   -c /workspace/ws_moveit/build/moveit_ros_planning/CMakeFiles/CMakeTmp/CheckSymbolExists.c
Linking C executable cmTC_56073
/usr/bin/cmake -E cmake_link_script CMakeFiles/cmTC_56073.dir/link.txt --verbose=1
/usr/bin/cc      -rdynamic CMakeFiles/cmTC_56073.dir/CheckSymbolExists.c.o  -o cmTC_56073 
CMakeFiles/cmTC_56073.dir/CheckSymbolExists.c.o: In function `main':
CheckSymbolExists.c:(.text+0x1b): undefined reference to `pthread_create'
collect2: error: ld returned 1 exit status
CMakeFiles/cmTC_56073.dir/build.make:97: recipe for target 'cmTC_56073' failed
make[1]: *** [cmTC_56073] Error 1
make[1]: Leaving directory '/workspace/ws_moveit/build/moveit_ros_planning/CMakeFiles/CMakeTmp'
Makefile:126: recipe for target 'cmTC_56073/fast' failed
make: *** [cmTC_56073/fast] Error 2

File /workspace/ws_moveit/build/moveit_ros_planning/CMakeFiles/CMakeTmp/CheckSymbolExists.c:
/* */
#include <pthread.h>

int main(int argc, char** argv)
{
  (void)argv;
#ifndef pthread_create
  return ((int*)(&pthread_create))[argc];
#else
  (void)argc;
  return 0;
#endif
}

Determining if the function pthread_create exists in the pthreads failed with the following output:
Change Dir: /workspace/ws_moveit/build/moveit_ros_planning/CMakeFiles/CMakeTmp

Run Build Command:"/usr/bin/make" "cmTC_ded3c/fast"
/usr/bin/make -f CMakeFiles/cmTC_ded3c.dir/build.make CMakeFiles/cmTC_ded3c.dir/build
make[1]: Entering directory '/workspace/ws_moveit/build/moveit_ros_planning/CMakeFiles/CMakeTmp'
Building C object CMakeFiles/cmTC_ded3c.dir/CheckFunctionExists.c.o
/usr/bin/cc   -DCHECK_FUNCTION_EXISTS=pthread_create   -o CMakeFiles/cmTC_ded3c.dir/CheckFunctionExists.c.o   -c /usr/share/cmake-3.10/Modules/CheckFunctionExists.c
Linking C executable cmTC_ded3c
/usr/bin/cmake -E cmake_link_script CMakeFiles/cmTC_ded3c.dir/link.txt --verbose=1
/usr/bin/cc  -DCHECK_FUNCTION_EXISTS=pthread_create    -rdynamic CMakeFiles/cmTC_ded3c.dir/CheckFunctionExists.c.o  -o cmTC_ded3c -lpthreads 
/usr/bin/ld: cannot find -lpthreads
collect2: error: ld returned 1 exit status
CMakeFiles/cmTC_ded3c.dir/build.make:97: recipe for target 'cmTC_ded3c' failed
make[1]: *** [cmTC_ded3c] Error 1
make[1]: Leaving directory '/workspace/ws_moveit/build/moveit_ros_planning/CMakeFiles/CMakeTmp'
Makefile:126: recipe for target 'cmTC_ded3c/fast' failed
make: *** [cmTC_ded3c/fast] Error 2


