Linked: (/workspace/ws_denso/devel/.private/denso_robot_core/include/denso_robot_core/DriveStringAction.h, /workspace/ws_denso/devel/include/denso_robot_core/DriveStringAction.h)
Linked: (/workspace/ws_denso/devel/.private/denso_robot_core/include/denso_robot_core/DriveStringActionFeedback.h, /workspace/ws_denso/devel/include/denso_robot_core/DriveStringActionFeedback.h)
Linked: (/workspace/ws_denso/devel/.private/denso_robot_core/include/denso_robot_core/DriveStringActionGoal.h, /workspace/ws_denso/devel/include/denso_robot_core/DriveStringActionGoal.h)
Linked: (/workspace/ws_denso/devel/.private/denso_robot_core/include/denso_robot_core/DriveStringActionResult.h, /workspace/ws_denso/devel/include/denso_robot_core/DriveStringActionResult.h)
Linked: (/workspace/ws_denso/devel/.private/denso_robot_core/include/denso_robot_core/DriveStringFeedback.h, /workspace/ws_denso/devel/include/denso_robot_core/DriveStringFeedback.h)
Linked: (/workspace/ws_denso/devel/.private/denso_robot_core/include/denso_robot_core/DriveStringGoal.h, /workspace/ws_denso/devel/include/denso_robot_core/DriveStringGoal.h)
Linked: (/workspace/ws_denso/devel/.private/denso_robot_core/include/denso_robot_core/DriveStringResult.h, /workspace/ws_denso/devel/include/denso_robot_core/DriveStringResult.h)
Linked: (/workspace/ws_denso/devel/.private/denso_robot_core/include/denso_robot_core/DriveValueAction.h, /workspace/ws_denso/devel/include/denso_robot_core/DriveValueAction.h)
Linked: (/workspace/ws_denso/devel/.private/denso_robot_core/include/denso_robot_core/DriveValueActionFeedback.h, /workspace/ws_denso/devel/include/denso_robot_core/DriveValueActionFeedback.h)
Linked: (/workspace/ws_denso/devel/.private/denso_robot_core/include/denso_robot_core/DriveValueActionGoal.h, /workspace/ws_denso/devel/include/denso_robot_core/DriveValueActionGoal.h)
Linked: (/workspace/ws_denso/devel/.private/denso_robot_core/include/denso_robot_core/DriveValueActionResult.h, /workspace/ws_denso/devel/include/denso_robot_core/DriveValueActionResult.h)
Linked: (/workspace/ws_denso/devel/.private/denso_robot_core/include/denso_robot_core/DriveValueFeedback.h, /workspace/ws_denso/devel/include/denso_robot_core/DriveValueFeedback.h)
Linked: (/workspace/ws_denso/devel/.private/denso_robot_core/include/denso_robot_core/DriveValueGoal.h, /workspace/ws_denso/devel/include/denso_robot_core/DriveValueGoal.h)
Linked: (/workspace/ws_denso/devel/.private/denso_robot_core/include/denso_robot_core/DriveValueResult.h, /workspace/ws_denso/devel/include/denso_robot_core/DriveValueResult.h)
Linked: (/workspace/ws_denso/devel/.private/denso_robot_core/include/denso_robot_core/ExJoints.h, /workspace/ws_denso/devel/include/denso_robot_core/ExJoints.h)
Linked: (/workspace/ws_denso/devel/.private/denso_robot_core/include/denso_robot_core/Joints.h, /workspace/ws_denso/devel/include/denso_robot_core/Joints.h)
Linked: (/workspace/ws_denso/devel/.private/denso_robot_core/include/denso_robot_core/MoveStringAction.h, /workspace/ws_denso/devel/include/denso_robot_core/MoveStringAction.h)
Linked: (/workspace/ws_denso/devel/.private/denso_robot_core/include/denso_robot_core/MoveStringActionFeedback.h, /workspace/ws_denso/devel/include/denso_robot_core/MoveStringActionFeedback.h)
Linked: (/workspace/ws_denso/devel/.private/denso_robot_core/include/denso_robot_core/MoveStringActionGoal.h, /workspace/ws_denso/devel/include/denso_robot_core/MoveStringActionGoal.h)
Linked: (/workspace/ws_denso/devel/.private/denso_robot_core/include/denso_robot_core/MoveStringActionResult.h, /workspace/ws_denso/devel/include/denso_robot_core/MoveStringActionResult.h)
Linked: (/workspace/ws_denso/devel/.private/denso_robot_core/include/denso_robot_core/MoveStringFeedback.h, /workspace/ws_denso/devel/include/denso_robot_core/MoveStringFeedback.h)
Linked: (/workspace/ws_denso/devel/.private/denso_robot_core/include/denso_robot_core/MoveStringGoal.h, /workspace/ws_denso/devel/include/denso_robot_core/MoveStringGoal.h)
Linked: (/workspace/ws_denso/devel/.private/denso_robot_core/include/denso_robot_core/MoveStringResult.h, /workspace/ws_denso/devel/include/denso_robot_core/MoveStringResult.h)
Linked: (/workspace/ws_denso/devel/.private/denso_robot_core/include/denso_robot_core/MoveValueAction.h, /workspace/ws_denso/devel/include/denso_robot_core/MoveValueAction.h)
Linked: (/workspace/ws_denso/devel/.private/denso_robot_core/include/denso_robot_core/MoveValueActionFeedback.h, /workspace/ws_denso/devel/include/denso_robot_core/MoveValueActionFeedback.h)
Linked: (/workspace/ws_denso/devel/.private/denso_robot_core/include/denso_robot_core/MoveValueActionGoal.h, /workspace/ws_denso/devel/include/denso_robot_core/MoveValueActionGoal.h)
Linked: (/workspace/ws_denso/devel/.private/denso_robot_core/include/denso_robot_core/MoveValueActionResult.h, /workspace/ws_denso/devel/include/denso_robot_core/MoveValueActionResult.h)
Linked: (/workspace/ws_denso/devel/.private/denso_robot_core/include/denso_robot_core/MoveValueFeedback.h, /workspace/ws_denso/devel/include/denso_robot_core/MoveValueFeedback.h)
Linked: (/workspace/ws_denso/devel/.private/denso_robot_core/include/denso_robot_core/MoveValueGoal.h, /workspace/ws_denso/devel/include/denso_robot_core/MoveValueGoal.h)
Linked: (/workspace/ws_denso/devel/.private/denso_robot_core/include/denso_robot_core/MoveValueResult.h, /workspace/ws_denso/devel/include/denso_robot_core/MoveValueResult.h)
Linked: (/workspace/ws_denso/devel/.private/denso_robot_core/include/denso_robot_core/PoseData.h, /workspace/ws_denso/devel/include/denso_robot_core/PoseData.h)
Linked: (/workspace/ws_denso/devel/.private/denso_robot_core/include/denso_robot_core/UserIO.h, /workspace/ws_denso/devel/include/denso_robot_core/UserIO.h)
Linked: (/workspace/ws_denso/devel/.private/denso_robot_core/lib/libdenso_robot_core.so, /workspace/ws_denso/devel/lib/libdenso_robot_core.so)
Linked: (/workspace/ws_denso/devel/.private/denso_robot_core/lib/denso_robot_core/denso_robot_core_exec, /workspace/ws_denso/devel/lib/denso_robot_core/denso_robot_core_exec)
Linked: (/workspace/ws_denso/devel/.private/denso_robot_core/lib/pkgconfig/denso_robot_core.pc, /workspace/ws_denso/devel/lib/pkgconfig/denso_robot_core.pc)
Linked: (/workspace/ws_denso/devel/.private/denso_robot_core/lib/python2.7/dist-packages/denso_robot_core/__init__.py, /workspace/ws_denso/devel/lib/python2.7/dist-packages/denso_robot_core/__init__.py)
Linked: (/workspace/ws_denso/devel/.private/denso_robot_core/lib/python2.7/dist-packages/denso_robot_core/msg/_MoveStringAction.py, /workspace/ws_denso/devel/lib/python2.7/dist-packages/denso_robot_core/msg/_MoveStringAction.py)
Linked: (/workspace/ws_denso/devel/.private/denso_robot_core/lib/python2.7/dist-packages/denso_robot_core/msg/_DriveStringAction.py, /workspace/ws_denso/devel/lib/python2.7/dist-packages/denso_robot_core/msg/_DriveStringAction.py)
Linked: (/workspace/ws_denso/devel/.private/denso_robot_core/lib/python2.7/dist-packages/denso_robot_core/msg/_DriveStringActionFeedback.py, /workspace/ws_denso/devel/lib/python2.7/dist-packages/denso_robot_core/msg/_DriveStringActionFeedback.py)
Linked: (/workspace/ws_denso/devel/.private/denso_robot_core/lib/python2.7/dist-packages/denso_robot_core/msg/_DriveStringActionGoal.py, /workspace/ws_denso/devel/lib/python2.7/dist-packages/denso_robot_core/msg/_DriveStringActionGoal.py)
Linked: (/workspace/ws_denso/devel/.private/denso_robot_core/lib/python2.7/dist-packages/denso_robot_core/msg/_DriveStringActionResult.py, /workspace/ws_denso/devel/lib/python2.7/dist-packages/denso_robot_core/msg/_DriveStringActionResult.py)
Linked: (/workspace/ws_denso/devel/.private/denso_robot_core/lib/python2.7/dist-packages/denso_robot_core/msg/_DriveStringFeedback.py, /workspace/ws_denso/devel/lib/python2.7/dist-packages/denso_robot_core/msg/_DriveStringFeedback.py)
Linked: (/workspace/ws_denso/devel/.private/denso_robot_core/lib/python2.7/dist-packages/denso_robot_core/msg/_DriveStringGoal.py, /workspace/ws_denso/devel/lib/python2.7/dist-packages/denso_robot_core/msg/_DriveStringGoal.py)
Linked: (/workspace/ws_denso/devel/.private/denso_robot_core/lib/python2.7/dist-packages/denso_robot_core/msg/_DriveStringResult.py, /workspace/ws_denso/devel/lib/python2.7/dist-packages/denso_robot_core/msg/_DriveStringResult.py)
Linked: (/workspace/ws_denso/devel/.private/denso_robot_core/lib/python2.7/dist-packages/denso_robot_core/msg/_DriveValueAction.py, /workspace/ws_denso/devel/lib/python2.7/dist-packages/denso_robot_core/msg/_DriveValueAction.py)
Linked: (/workspace/ws_denso/devel/.private/denso_robot_core/lib/python2.7/dist-packages/denso_robot_core/msg/_DriveValueActionFeedback.py, /workspace/ws_denso/devel/lib/python2.7/dist-packages/denso_robot_core/msg/_DriveValueActionFeedback.py)
Linked: (/workspace/ws_denso/devel/.private/denso_robot_core/lib/python2.7/dist-packages/denso_robot_core/msg/_DriveValueActionGoal.py, /workspace/ws_denso/devel/lib/python2.7/dist-packages/denso_robot_core/msg/_DriveValueActionGoal.py)
Linked: (/workspace/ws_denso/devel/.private/denso_robot_core/lib/python2.7/dist-packages/denso_robot_core/msg/_DriveValueActionResult.py, /workspace/ws_denso/devel/lib/python2.7/dist-packages/denso_robot_core/msg/_DriveValueActionResult.py)
Linked: (/workspace/ws_denso/devel/.private/denso_robot_core/lib/python2.7/dist-packages/denso_robot_core/msg/_DriveValueFeedback.py, /workspace/ws_denso/devel/lib/python2.7/dist-packages/denso_robot_core/msg/_DriveValueFeedback.py)
Linked: (/workspace/ws_denso/devel/.private/denso_robot_core/lib/python2.7/dist-packages/denso_robot_core/msg/_DriveValueGoal.py, /workspace/ws_denso/devel/lib/python2.7/dist-packages/denso_robot_core/msg/_DriveValueGoal.py)
Linked: (/workspace/ws_denso/devel/.private/denso_robot_core/lib/python2.7/dist-packages/denso_robot_core/msg/_DriveValueResult.py, /workspace/ws_denso/devel/lib/python2.7/dist-packages/denso_robot_core/msg/_DriveValueResult.py)
Linked: (/workspace/ws_denso/devel/.private/denso_robot_core/lib/python2.7/dist-packages/denso_robot_core/msg/_ExJoints.py, /workspace/ws_denso/devel/lib/python2.7/dist-packages/denso_robot_core/msg/_ExJoints.py)
Linked: (/workspace/ws_denso/devel/.private/denso_robot_core/lib/python2.7/dist-packages/denso_robot_core/msg/_Joints.py, /workspace/ws_denso/devel/lib/python2.7/dist-packages/denso_robot_core/msg/_Joints.py)
Linked: (/workspace/ws_denso/devel/.private/denso_robot_core/lib/python2.7/dist-packages/denso_robot_core/msg/_MoveStringActionFeedback.py, /workspace/ws_denso/devel/lib/python2.7/dist-packages/denso_robot_core/msg/_MoveStringActionFeedback.py)
Linked: (/workspace/ws_denso/devel/.private/denso_robot_core/lib/python2.7/dist-packages/denso_robot_core/msg/_MoveStringActionGoal.py, /workspace/ws_denso/devel/lib/python2.7/dist-packages/denso_robot_core/msg/_MoveStringActionGoal.py)
Linked: (/workspace/ws_denso/devel/.private/denso_robot_core/lib/python2.7/dist-packages/denso_robot_core/msg/_MoveStringActionResult.py, /workspace/ws_denso/devel/lib/python2.7/dist-packages/denso_robot_core/msg/_MoveStringActionResult.py)
Linked: (/workspace/ws_denso/devel/.private/denso_robot_core/lib/python2.7/dist-packages/denso_robot_core/msg/_MoveStringFeedback.py, /workspace/ws_denso/devel/lib/python2.7/dist-packages/denso_robot_core/msg/_MoveStringFeedback.py)
Linked: (/workspace/ws_denso/devel/.private/denso_robot_core/lib/python2.7/dist-packages/denso_robot_core/msg/_MoveStringGoal.py, /workspace/ws_denso/devel/lib/python2.7/dist-packages/denso_robot_core/msg/_MoveStringGoal.py)
Linked: (/workspace/ws_denso/devel/.private/denso_robot_core/lib/python2.7/dist-packages/denso_robot_core/msg/_MoveStringResult.py, /workspace/ws_denso/devel/lib/python2.7/dist-packages/denso_robot_core/msg/_MoveStringResult.py)
Linked: (/workspace/ws_denso/devel/.private/denso_robot_core/lib/python2.7/dist-packages/denso_robot_core/msg/_MoveValueAction.py, /workspace/ws_denso/devel/lib/python2.7/dist-packages/denso_robot_core/msg/_MoveValueAction.py)
Linked: (/workspace/ws_denso/devel/.private/denso_robot_core/lib/python2.7/dist-packages/denso_robot_core/msg/_MoveValueActionFeedback.py, /workspace/ws_denso/devel/lib/python2.7/dist-packages/denso_robot_core/msg/_MoveValueActionFeedback.py)
Linked: (/workspace/ws_denso/devel/.private/denso_robot_core/lib/python2.7/dist-packages/denso_robot_core/msg/_MoveValueActionGoal.py, /workspace/ws_denso/devel/lib/python2.7/dist-packages/denso_robot_core/msg/_MoveValueActionGoal.py)
Linked: (/workspace/ws_denso/devel/.private/denso_robot_core/lib/python2.7/dist-packages/denso_robot_core/msg/_MoveValueActionResult.py, /workspace/ws_denso/devel/lib/python2.7/dist-packages/denso_robot_core/msg/_MoveValueActionResult.py)
Linked: (/workspace/ws_denso/devel/.private/denso_robot_core/lib/python2.7/dist-packages/denso_robot_core/msg/_MoveValueFeedback.py, /workspace/ws_denso/devel/lib/python2.7/dist-packages/denso_robot_core/msg/_MoveValueFeedback.py)
Linked: (/workspace/ws_denso/devel/.private/denso_robot_core/lib/python2.7/dist-packages/denso_robot_core/msg/_MoveValueGoal.py, /workspace/ws_denso/devel/lib/python2.7/dist-packages/denso_robot_core/msg/_MoveValueGoal.py)
Linked: (/workspace/ws_denso/devel/.private/denso_robot_core/lib/python2.7/dist-packages/denso_robot_core/msg/_MoveValueResult.py, /workspace/ws_denso/devel/lib/python2.7/dist-packages/denso_robot_core/msg/_MoveValueResult.py)
Linked: (/workspace/ws_denso/devel/.private/denso_robot_core/lib/python2.7/dist-packages/denso_robot_core/msg/_PoseData.py, /workspace/ws_denso/devel/lib/python2.7/dist-packages/denso_robot_core/msg/_PoseData.py)
Linked: (/workspace/ws_denso/devel/.private/denso_robot_core/lib/python2.7/dist-packages/denso_robot_core/msg/_UserIO.py, /workspace/ws_denso/devel/lib/python2.7/dist-packages/denso_robot_core/msg/_UserIO.py)
Linked: (/workspace/ws_denso/devel/.private/denso_robot_core/lib/python2.7/dist-packages/denso_robot_core/msg/__init__.py, /workspace/ws_denso/devel/lib/python2.7/dist-packages/denso_robot_core/msg/__init__.py)
Linked: (/workspace/ws_denso/devel/.private/denso_robot_core/share/common-lisp/ros/denso_robot_core/msg/denso_robot_core-msg.asd, /workspace/ws_denso/devel/share/common-lisp/ros/denso_robot_core/msg/denso_robot_core-msg.asd)
Linked: (/workspace/ws_denso/devel/.private/denso_robot_core/share/common-lisp/ros/denso_robot_core/msg/DriveStringAction.lisp, /workspace/ws_denso/devel/share/common-lisp/ros/denso_robot_core/msg/DriveStringAction.lisp)
Linked: (/workspace/ws_denso/devel/.private/denso_robot_core/share/common-lisp/ros/denso_robot_core/msg/DriveStringActionFeedback.lisp, /workspace/ws_denso/devel/share/common-lisp/ros/denso_robot_core/msg/DriveStringActionFeedback.lisp)
Linked: (/workspace/ws_denso/devel/.private/denso_robot_core/share/common-lisp/ros/denso_robot_core/msg/DriveStringActionGoal.lisp, /workspace/ws_denso/devel/share/common-lisp/ros/denso_robot_core/msg/DriveStringActionGoal.lisp)
Linked: (/workspace/ws_denso/devel/.private/denso_robot_core/share/common-lisp/ros/denso_robot_core/msg/DriveStringActionResult.lisp, /workspace/ws_denso/devel/share/common-lisp/ros/denso_robot_core/msg/DriveStringActionResult.lisp)
Linked: (/workspace/ws_denso/devel/.private/denso_robot_core/share/common-lisp/ros/denso_robot_core/msg/DriveStringFeedback.lisp, /workspace/ws_denso/devel/share/common-lisp/ros/denso_robot_core/msg/DriveStringFeedback.lisp)
Linked: (/workspace/ws_denso/devel/.private/denso_robot_core/share/common-lisp/ros/denso_robot_core/msg/DriveStringGoal.lisp, /workspace/ws_denso/devel/share/common-lisp/ros/denso_robot_core/msg/DriveStringGoal.lisp)
Linked: (/workspace/ws_denso/devel/.private/denso_robot_core/share/common-lisp/ros/denso_robot_core/msg/DriveStringResult.lisp, /workspace/ws_denso/devel/share/common-lisp/ros/denso_robot_core/msg/DriveStringResult.lisp)
Linked: (/workspace/ws_denso/devel/.private/denso_robot_core/share/common-lisp/ros/denso_robot_core/msg/DriveValueAction.lisp, /workspace/ws_denso/devel/share/common-lisp/ros/denso_robot_core/msg/DriveValueAction.lisp)
Linked: (/workspace/ws_denso/devel/.private/denso_robot_core/share/common-lisp/ros/denso_robot_core/msg/DriveValueActionFeedback.lisp, /workspace/ws_denso/devel/share/common-lisp/ros/denso_robot_core/msg/DriveValueActionFeedback.lisp)
Linked: (/workspace/ws_denso/devel/.private/denso_robot_core/share/common-lisp/ros/denso_robot_core/msg/DriveValueActionGoal.lisp, /workspace/ws_denso/devel/share/common-lisp/ros/denso_robot_core/msg/DriveValueActionGoal.lisp)
Linked: (/workspace/ws_denso/devel/.private/denso_robot_core/share/common-lisp/ros/denso_robot_core/msg/DriveValueActionResult.lisp, /workspace/ws_denso/devel/share/common-lisp/ros/denso_robot_core/msg/DriveValueActionResult.lisp)
Linked: (/workspace/ws_denso/devel/.private/denso_robot_core/share/common-lisp/ros/denso_robot_core/msg/DriveValueFeedback.lisp, /workspace/ws_denso/devel/share/common-lisp/ros/denso_robot_core/msg/DriveValueFeedback.lisp)
Linked: (/workspace/ws_denso/devel/.private/denso_robot_core/share/common-lisp/ros/denso_robot_core/msg/DriveValueGoal.lisp, /workspace/ws_denso/devel/share/common-lisp/ros/denso_robot_core/msg/DriveValueGoal.lisp)
Linked: (/workspace/ws_denso/devel/.private/denso_robot_core/share/common-lisp/ros/denso_robot_core/msg/DriveValueResult.lisp, /workspace/ws_denso/devel/share/common-lisp/ros/denso_robot_core/msg/DriveValueResult.lisp)
Linked: (/workspace/ws_denso/devel/.private/denso_robot_core/share/common-lisp/ros/denso_robot_core/msg/ExJoints.lisp, /workspace/ws_denso/devel/share/common-lisp/ros/denso_robot_core/msg/ExJoints.lisp)
Linked: (/workspace/ws_denso/devel/.private/denso_robot_core/share/common-lisp/ros/denso_robot_core/msg/Joints.lisp, /workspace/ws_denso/devel/share/common-lisp/ros/denso_robot_core/msg/Joints.lisp)
Linked: (/workspace/ws_denso/devel/.private/denso_robot_core/share/common-lisp/ros/denso_robot_core/msg/_package_DriveStringAction.lisp, /workspace/ws_denso/devel/share/common-lisp/ros/denso_robot_core/msg/_package_DriveStringAction.lisp)
Linked: (/workspace/ws_denso/devel/.private/denso_robot_core/share/common-lisp/ros/denso_robot_core/msg/_package_DriveStringActionFeedback.lisp, /workspace/ws_denso/devel/share/common-lisp/ros/denso_robot_core/msg/_package_DriveStringActionFeedback.lisp)
Linked: (/workspace/ws_denso/devel/.private/denso_robot_core/share/common-lisp/ros/denso_robot_core/msg/_package_DriveStringActionGoal.lisp, /workspace/ws_denso/devel/share/common-lisp/ros/denso_robot_core/msg/_package_DriveStringActionGoal.lisp)
Linked: (/workspace/ws_denso/devel/.private/denso_robot_core/share/common-lisp/ros/denso_robot_core/msg/_package_DriveStringActionResult.lisp, /workspace/ws_denso/devel/share/common-lisp/ros/denso_robot_core/msg/_package_DriveStringActionResult.lisp)
Linked: (/workspace/ws_denso/devel/.private/denso_robot_core/share/common-lisp/ros/denso_robot_core/msg/_package_DriveStringFeedback.lisp, /workspace/ws_denso/devel/share/common-lisp/ros/denso_robot_core/msg/_package_DriveStringFeedback.lisp)
Linked: (/workspace/ws_denso/devel/.private/denso_robot_core/share/common-lisp/ros/denso_robot_core/msg/_package_DriveStringGoal.lisp, /workspace/ws_denso/devel/share/common-lisp/ros/denso_robot_core/msg/_package_DriveStringGoal.lisp)
Linked: (/workspace/ws_denso/devel/.private/denso_robot_core/share/common-lisp/ros/denso_robot_core/msg/_package_DriveStringResult.lisp, /workspace/ws_denso/devel/share/common-lisp/ros/denso_robot_core/msg/_package_DriveStringResult.lisp)
Linked: (/workspace/ws_denso/devel/.private/denso_robot_core/share/common-lisp/ros/denso_robot_core/msg/_package_DriveValueAction.lisp, /workspace/ws_denso/devel/share/common-lisp/ros/denso_robot_core/msg/_package_DriveValueAction.lisp)
Linked: (/workspace/ws_denso/devel/.private/denso_robot_core/share/common-lisp/ros/denso_robot_core/msg/_package_DriveValueActionFeedback.lisp, /workspace/ws_denso/devel/share/common-lisp/ros/denso_robot_core/msg/_package_DriveValueActionFeedback.lisp)
Linked: (/workspace/ws_denso/devel/.private/denso_robot_core/share/common-lisp/ros/denso_robot_core/msg/_package_DriveValueActionGoal.lisp, /workspace/ws_denso/devel/share/common-lisp/ros/denso_robot_core/msg/_package_DriveValueActionGoal.lisp)
Linked: (/workspace/ws_denso/devel/.private/denso_robot_core/share/common-lisp/ros/denso_robot_core/msg/_package_DriveValueActionResult.lisp, /workspace/ws_denso/devel/share/common-lisp/ros/denso_robot_core/msg/_package_DriveValueActionResult.lisp)
Linked: (/workspace/ws_denso/devel/.private/denso_robot_core/share/common-lisp/ros/denso_robot_core/msg/_package_DriveValueFeedback.lisp, /workspace/ws_denso/devel/share/common-lisp/ros/denso_robot_core/msg/_package_DriveValueFeedback.lisp)
Linked: (/workspace/ws_denso/devel/.private/denso_robot_core/share/common-lisp/ros/denso_robot_core/msg/_package_DriveValueGoal.lisp, /workspace/ws_denso/devel/share/common-lisp/ros/denso_robot_core/msg/_package_DriveValueGoal.lisp)
Linked: (/workspace/ws_denso/devel/.private/denso_robot_core/share/common-lisp/ros/denso_robot_core/msg/_package_DriveValueResult.lisp, /workspace/ws_denso/devel/share/common-lisp/ros/denso_robot_core/msg/_package_DriveValueResult.lisp)
Linked: (/workspace/ws_denso/devel/.private/denso_robot_core/share/common-lisp/ros/denso_robot_core/msg/_package_ExJoints.lisp, /workspace/ws_denso/devel/share/common-lisp/ros/denso_robot_core/msg/_package_ExJoints.lisp)
Linked: (/workspace/ws_denso/devel/.private/denso_robot_core/share/common-lisp/ros/denso_robot_core/msg/_package_Joints.lisp, /workspace/ws_denso/devel/share/common-lisp/ros/denso_robot_core/msg/_package_Joints.lisp)
Linked: (/workspace/ws_denso/devel/.private/denso_robot_core/share/common-lisp/ros/denso_robot_core/msg/_package_MoveStringAction.lisp, /workspace/ws_denso/devel/share/common-lisp/ros/denso_robot_core/msg/_package_MoveStringAction.lisp)
Linked: (/workspace/ws_denso/devel/.private/denso_robot_core/share/common-lisp/ros/denso_robot_core/msg/_package_MoveStringActionGoal.lisp, /workspace/ws_denso/devel/share/common-lisp/ros/denso_robot_core/msg/_package_MoveStringActionGoal.lisp)
Linked: (/workspace/ws_denso/devel/.private/denso_robot_core/share/common-lisp/ros/denso_robot_core/msg/_package_MoveStringActionResult.lisp, /workspace/ws_denso/devel/share/common-lisp/ros/denso_robot_core/msg/_package_MoveStringActionResult.lisp)
Linked: (/workspace/ws_denso/devel/.private/denso_robot_core/share/common-lisp/ros/denso_robot_core/msg/_package_MoveStringFeedback.lisp, /workspace/ws_denso/devel/share/common-lisp/ros/denso_robot_core/msg/_package_MoveStringFeedback.lisp)
Linked: (/workspace/ws_denso/devel/.private/denso_robot_core/share/common-lisp/ros/denso_robot_core/msg/_package_MoveStringGoal.lisp, /workspace/ws_denso/devel/share/common-lisp/ros/denso_robot_core/msg/_package_MoveStringGoal.lisp)
Linked: (/workspace/ws_denso/devel/.private/denso_robot_core/share/common-lisp/ros/denso_robot_core/msg/_package_MoveStringResult.lisp, /workspace/ws_denso/devel/share/common-lisp/ros/denso_robot_core/msg/_package_MoveStringResult.lisp)
Linked: (/workspace/ws_denso/devel/.private/denso_robot_core/share/common-lisp/ros/denso_robot_core/msg/_package_MoveValueAction.lisp, /workspace/ws_denso/devel/share/common-lisp/ros/denso_robot_core/msg/_package_MoveValueAction.lisp)
Linked: (/workspace/ws_denso/devel/.private/denso_robot_core/share/common-lisp/ros/denso_robot_core/msg/_package_MoveValueActionFeedback.lisp, /workspace/ws_denso/devel/share/common-lisp/ros/denso_robot_core/msg/_package_MoveValueActionFeedback.lisp)
Linked: (/workspace/ws_denso/devel/.private/denso_robot_core/share/common-lisp/ros/denso_robot_core/msg/_package_MoveValueActionGoal.lisp, /workspace/ws_denso/devel/share/common-lisp/ros/denso_robot_core/msg/_package_MoveValueActionGoal.lisp)
Linked: (/workspace/ws_denso/devel/.private/denso_robot_core/share/common-lisp/ros/denso_robot_core/msg/_package_MoveValueActionResult.lisp, /workspace/ws_denso/devel/share/common-lisp/ros/denso_robot_core/msg/_package_MoveValueActionResult.lisp)
Linked: (/workspace/ws_denso/devel/.private/denso_robot_core/share/common-lisp/ros/denso_robot_core/msg/_package_MoveValueFeedback.lisp, /workspace/ws_denso/devel/share/common-lisp/ros/denso_robot_core/msg/_package_MoveValueFeedback.lisp)
Linked: (/workspace/ws_denso/devel/.private/denso_robot_core/share/common-lisp/ros/denso_robot_core/msg/_package_MoveValueGoal.lisp, /workspace/ws_denso/devel/share/common-lisp/ros/denso_robot_core/msg/_package_MoveValueGoal.lisp)
Linked: (/workspace/ws_denso/devel/.private/denso_robot_core/share/common-lisp/ros/denso_robot_core/msg/_package_MoveValueResult.lisp, /workspace/ws_denso/devel/share/common-lisp/ros/denso_robot_core/msg/_package_MoveValueResult.lisp)
Linked: (/workspace/ws_denso/devel/.private/denso_robot_core/share/common-lisp/ros/denso_robot_core/msg/_package_PoseData.lisp, /workspace/ws_denso/devel/share/common-lisp/ros/denso_robot_core/msg/_package_PoseData.lisp)
Linked: (/workspace/ws_denso/devel/.private/denso_robot_core/share/common-lisp/ros/denso_robot_core/msg/_package_UserIO.lisp, /workspace/ws_denso/devel/share/common-lisp/ros/denso_robot_core/msg/_package_UserIO.lisp)
Linked: (/workspace/ws_denso/devel/.private/denso_robot_core/share/common-lisp/ros/denso_robot_core/msg/MoveStringActionFeedback.lisp, /workspace/ws_denso/devel/share/common-lisp/ros/denso_robot_core/msg/MoveStringActionFeedback.lisp)
Linked: (/workspace/ws_denso/devel/.private/denso_robot_core/share/common-lisp/ros/denso_robot_core/msg/MoveStringActionGoal.lisp, /workspace/ws_denso/devel/share/common-lisp/ros/denso_robot_core/msg/MoveStringActionGoal.lisp)
Linked: (/workspace/ws_denso/devel/.private/denso_robot_core/share/common-lisp/ros/denso_robot_core/msg/MoveStringActionResult.lisp, /workspace/ws_denso/devel/share/common-lisp/ros/denso_robot_core/msg/MoveStringActionResult.lisp)
Linked: (/workspace/ws_denso/devel/.private/denso_robot_core/share/common-lisp/ros/denso_robot_core/msg/MoveStringFeedback.lisp, /workspace/ws_denso/devel/share/common-lisp/ros/denso_robot_core/msg/MoveStringFeedback.lisp)
Linked: (/workspace/ws_denso/devel/.private/denso_robot_core/share/common-lisp/ros/denso_robot_core/msg/MoveStringGoal.lisp, /workspace/ws_denso/devel/share/common-lisp/ros/denso_robot_core/msg/MoveStringGoal.lisp)
Linked: (/workspace/ws_denso/devel/.private/denso_robot_core/share/common-lisp/ros/denso_robot_core/msg/MoveStringResult.lisp, /workspace/ws_denso/devel/share/common-lisp/ros/denso_robot_core/msg/MoveStringResult.lisp)
Linked: (/workspace/ws_denso/devel/.private/denso_robot_core/share/common-lisp/ros/denso_robot_core/msg/MoveValueAction.lisp, /workspace/ws_denso/devel/share/common-lisp/ros/denso_robot_core/msg/MoveValueAction.lisp)
Linked: (/workspace/ws_denso/devel/.private/denso_robot_core/share/common-lisp/ros/denso_robot_core/msg/MoveValueActionFeedback.lisp, /workspace/ws_denso/devel/share/common-lisp/ros/denso_robot_core/msg/MoveValueActionFeedback.lisp)
Linked: (/workspace/ws_denso/devel/.private/denso_robot_core/share/common-lisp/ros/denso_robot_core/msg/MoveValueActionGoal.lisp, /workspace/ws_denso/devel/share/common-lisp/ros/denso_robot_core/msg/MoveValueActionGoal.lisp)
Linked: (/workspace/ws_denso/devel/.private/denso_robot_core/share/common-lisp/ros/denso_robot_core/msg/MoveValueActionResult.lisp, /workspace/ws_denso/devel/share/common-lisp/ros/denso_robot_core/msg/MoveValueActionResult.lisp)
Linked: (/workspace/ws_denso/devel/.private/denso_robot_core/share/common-lisp/ros/denso_robot_core/msg/MoveValueFeedback.lisp, /workspace/ws_denso/devel/share/common-lisp/ros/denso_robot_core/msg/MoveValueFeedback.lisp)
Linked: (/workspace/ws_denso/devel/.private/denso_robot_core/share/common-lisp/ros/denso_robot_core/msg/MoveValueGoal.lisp, /workspace/ws_denso/devel/share/common-lisp/ros/denso_robot_core/msg/MoveValueGoal.lisp)
Linked: (/workspace/ws_denso/devel/.private/denso_robot_core/share/common-lisp/ros/denso_robot_core/msg/MoveValueResult.lisp, /workspace/ws_denso/devel/share/common-lisp/ros/denso_robot_core/msg/MoveValueResult.lisp)
Linked: (/workspace/ws_denso/devel/.private/denso_robot_core/share/common-lisp/ros/denso_robot_core/msg/PoseData.lisp, /workspace/ws_denso/devel/share/common-lisp/ros/denso_robot_core/msg/PoseData.lisp)
Linked: (/workspace/ws_denso/devel/.private/denso_robot_core/share/common-lisp/ros/denso_robot_core/msg/UserIO.lisp, /workspace/ws_denso/devel/share/common-lisp/ros/denso_robot_core/msg/UserIO.lisp)
Linked: (/workspace/ws_denso/devel/.private/denso_robot_core/share/common-lisp/ros/denso_robot_core/msg/MoveStringAction.lisp, /workspace/ws_denso/devel/share/common-lisp/ros/denso_robot_core/msg/MoveStringAction.lisp)
Linked: (/workspace/ws_denso/devel/.private/denso_robot_core/share/common-lisp/ros/denso_robot_core/msg/_package.lisp, /workspace/ws_denso/devel/share/common-lisp/ros/denso_robot_core/msg/_package.lisp)
Linked: (/workspace/ws_denso/devel/.private/denso_robot_core/share/common-lisp/ros/denso_robot_core/msg/_package_MoveStringActionFeedback.lisp, /workspace/ws_denso/devel/share/common-lisp/ros/denso_robot_core/msg/_package_MoveStringActionFeedback.lisp)
Linked: (/workspace/ws_denso/devel/.private/denso_robot_core/share/denso_robot_core/cmake/denso_robot_core-msg-extras.cmake, /workspace/ws_denso/devel/share/denso_robot_core/cmake/denso_robot_core-msg-extras.cmake)
Linked: (/workspace/ws_denso/devel/.private/denso_robot_core/share/denso_robot_core/cmake/denso_robot_core-msg-paths.cmake, /workspace/ws_denso/devel/share/denso_robot_core/cmake/denso_robot_core-msg-paths.cmake)
Linked: (/workspace/ws_denso/devel/.private/denso_robot_core/share/denso_robot_core/cmake/denso_robot_coreConfig-version.cmake, /workspace/ws_denso/devel/share/denso_robot_core/cmake/denso_robot_coreConfig-version.cmake)
Linked: (/workspace/ws_denso/devel/.private/denso_robot_core/share/denso_robot_core/cmake/denso_robot_coreConfig.cmake, /workspace/ws_denso/devel/share/denso_robot_core/cmake/denso_robot_coreConfig.cmake)
Linked: (/workspace/ws_denso/devel/.private/denso_robot_core/share/denso_robot_core/msg/DriveStringAction.msg, /workspace/ws_denso/devel/share/denso_robot_core/msg/DriveStringAction.msg)
Linked: (/workspace/ws_denso/devel/.private/denso_robot_core/share/denso_robot_core/msg/DriveStringActionFeedback.msg, /workspace/ws_denso/devel/share/denso_robot_core/msg/DriveStringActionFeedback.msg)
Linked: (/workspace/ws_denso/devel/.private/denso_robot_core/share/denso_robot_core/msg/DriveStringActionGoal.msg, /workspace/ws_denso/devel/share/denso_robot_core/msg/DriveStringActionGoal.msg)
Linked: (/workspace/ws_denso/devel/.private/denso_robot_core/share/denso_robot_core/msg/DriveStringActionResult.msg, /workspace/ws_denso/devel/share/denso_robot_core/msg/DriveStringActionResult.msg)
Linked: (/workspace/ws_denso/devel/.private/denso_robot_core/share/denso_robot_core/msg/DriveStringFeedback.msg, /workspace/ws_denso/devel/share/denso_robot_core/msg/DriveStringFeedback.msg)
Linked: (/workspace/ws_denso/devel/.private/denso_robot_core/share/denso_robot_core/msg/DriveStringGoal.msg, /workspace/ws_denso/devel/share/denso_robot_core/msg/DriveStringGoal.msg)
Linked: (/workspace/ws_denso/devel/.private/denso_robot_core/share/denso_robot_core/msg/DriveStringResult.msg, /workspace/ws_denso/devel/share/denso_robot_core/msg/DriveStringResult.msg)
Linked: (/workspace/ws_denso/devel/.private/denso_robot_core/share/denso_robot_core/msg/DriveValueAction.msg, /workspace/ws_denso/devel/share/denso_robot_core/msg/DriveValueAction.msg)
Linked: (/workspace/ws_denso/devel/.private/denso_robot_core/share/denso_robot_core/msg/DriveValueActionFeedback.msg, /workspace/ws_denso/devel/share/denso_robot_core/msg/DriveValueActionFeedback.msg)
Linked: (/workspace/ws_denso/devel/.private/denso_robot_core/share/denso_robot_core/msg/DriveValueActionGoal.msg, /workspace/ws_denso/devel/share/denso_robot_core/msg/DriveValueActionGoal.msg)
Linked: (/workspace/ws_denso/devel/.private/denso_robot_core/share/denso_robot_core/msg/DriveValueActionResult.msg, /workspace/ws_denso/devel/share/denso_robot_core/msg/DriveValueActionResult.msg)
Linked: (/workspace/ws_denso/devel/.private/denso_robot_core/share/denso_robot_core/msg/DriveValueFeedback.msg, /workspace/ws_denso/devel/share/denso_robot_core/msg/DriveValueFeedback.msg)
Linked: (/workspace/ws_denso/devel/.private/denso_robot_core/share/denso_robot_core/msg/DriveValueGoal.msg, /workspace/ws_denso/devel/share/denso_robot_core/msg/DriveValueGoal.msg)
Linked: (/workspace/ws_denso/devel/.private/denso_robot_core/share/denso_robot_core/msg/DriveValueResult.msg, /workspace/ws_denso/devel/share/denso_robot_core/msg/DriveValueResult.msg)
Linked: (/workspace/ws_denso/devel/.private/denso_robot_core/share/denso_robot_core/msg/MoveStringAction.msg, /workspace/ws_denso/devel/share/denso_robot_core/msg/MoveStringAction.msg)
Linked: (/workspace/ws_denso/devel/.private/denso_robot_core/share/denso_robot_core/msg/MoveStringActionFeedback.msg, /workspace/ws_denso/devel/share/denso_robot_core/msg/MoveStringActionFeedback.msg)
Linked: (/workspace/ws_denso/devel/.private/denso_robot_core/share/denso_robot_core/msg/MoveStringActionGoal.msg, /workspace/ws_denso/devel/share/denso_robot_core/msg/MoveStringActionGoal.msg)
Linked: (/workspace/ws_denso/devel/.private/denso_robot_core/share/denso_robot_core/msg/MoveStringActionResult.msg, /workspace/ws_denso/devel/share/denso_robot_core/msg/MoveStringActionResult.msg)
Linked: (/workspace/ws_denso/devel/.private/denso_robot_core/share/denso_robot_core/msg/MoveStringFeedback.msg, /workspace/ws_denso/devel/share/denso_robot_core/msg/MoveStringFeedback.msg)
Linked: (/workspace/ws_denso/devel/.private/denso_robot_core/share/denso_robot_core/msg/MoveStringGoal.msg, /workspace/ws_denso/devel/share/denso_robot_core/msg/MoveStringGoal.msg)
Linked: (/workspace/ws_denso/devel/.private/denso_robot_core/share/denso_robot_core/msg/MoveStringResult.msg, /workspace/ws_denso/devel/share/denso_robot_core/msg/MoveStringResult.msg)
Linked: (/workspace/ws_denso/devel/.private/denso_robot_core/share/denso_robot_core/msg/MoveValueAction.msg, /workspace/ws_denso/devel/share/denso_robot_core/msg/MoveValueAction.msg)
Linked: (/workspace/ws_denso/devel/.private/denso_robot_core/share/denso_robot_core/msg/MoveValueActionFeedback.msg, /workspace/ws_denso/devel/share/denso_robot_core/msg/MoveValueActionFeedback.msg)
Linked: (/workspace/ws_denso/devel/.private/denso_robot_core/share/denso_robot_core/msg/MoveValueActionGoal.msg, /workspace/ws_denso/devel/share/denso_robot_core/msg/MoveValueActionGoal.msg)
Linked: (/workspace/ws_denso/devel/.private/denso_robot_core/share/denso_robot_core/msg/MoveValueActionResult.msg, /workspace/ws_denso/devel/share/denso_robot_core/msg/MoveValueActionResult.msg)
Linked: (/workspace/ws_denso/devel/.private/denso_robot_core/share/denso_robot_core/msg/MoveValueFeedback.msg, /workspace/ws_denso/devel/share/denso_robot_core/msg/MoveValueFeedback.msg)
Linked: (/workspace/ws_denso/devel/.private/denso_robot_core/share/denso_robot_core/msg/MoveValueGoal.msg, /workspace/ws_denso/devel/share/denso_robot_core/msg/MoveValueGoal.msg)
Linked: (/workspace/ws_denso/devel/.private/denso_robot_core/share/denso_robot_core/msg/MoveValueResult.msg, /workspace/ws_denso/devel/share/denso_robot_core/msg/MoveValueResult.msg)
Linked: (/workspace/ws_denso/devel/.private/denso_robot_core/share/gennodejs/ros/denso_robot_core/_index.js, /workspace/ws_denso/devel/share/gennodejs/ros/denso_robot_core/_index.js)
Linked: (/workspace/ws_denso/devel/.private/denso_robot_core/share/gennodejs/ros/denso_robot_core/msg/MoveStringActionFeedback.js, /workspace/ws_denso/devel/share/gennodejs/ros/denso_robot_core/msg/MoveStringActionFeedback.js)
Linked: (/workspace/ws_denso/devel/.private/denso_robot_core/share/gennodejs/ros/denso_robot_core/msg/DriveStringAction.js, /workspace/ws_denso/devel/share/gennodejs/ros/denso_robot_core/msg/DriveStringAction.js)
Linked: (/workspace/ws_denso/devel/.private/denso_robot_core/share/gennodejs/ros/denso_robot_core/msg/DriveStringActionFeedback.js, /workspace/ws_denso/devel/share/gennodejs/ros/denso_robot_core/msg/DriveStringActionFeedback.js)
Linked: (/workspace/ws_denso/devel/.private/denso_robot_core/share/gennodejs/ros/denso_robot_core/msg/DriveStringActionGoal.js, /workspace/ws_denso/devel/share/gennodejs/ros/denso_robot_core/msg/DriveStringActionGoal.js)
Linked: (/workspace/ws_denso/devel/.private/denso_robot_core/share/gennodejs/ros/denso_robot_core/msg/DriveStringActionResult.js, /workspace/ws_denso/devel/share/gennodejs/ros/denso_robot_core/msg/DriveStringActionResult.js)
Linked: (/workspace/ws_denso/devel/.private/denso_robot_core/share/gennodejs/ros/denso_robot_core/msg/DriveStringFeedback.js, /workspace/ws_denso/devel/share/gennodejs/ros/denso_robot_core/msg/DriveStringFeedback.js)
Linked: (/workspace/ws_denso/devel/.private/denso_robot_core/share/gennodejs/ros/denso_robot_core/msg/DriveStringGoal.js, /workspace/ws_denso/devel/share/gennodejs/ros/denso_robot_core/msg/DriveStringGoal.js)
Linked: (/workspace/ws_denso/devel/.private/denso_robot_core/share/gennodejs/ros/denso_robot_core/msg/DriveStringResult.js, /workspace/ws_denso/devel/share/gennodejs/ros/denso_robot_core/msg/DriveStringResult.js)
Linked: (/workspace/ws_denso/devel/.private/denso_robot_core/share/gennodejs/ros/denso_robot_core/msg/DriveValueAction.js, /workspace/ws_denso/devel/share/gennodejs/ros/denso_robot_core/msg/DriveValueAction.js)
Linked: (/workspace/ws_denso/devel/.private/denso_robot_core/share/gennodejs/ros/denso_robot_core/msg/DriveValueActionFeedback.js, /workspace/ws_denso/devel/share/gennodejs/ros/denso_robot_core/msg/DriveValueActionFeedback.js)
Linked: (/workspace/ws_denso/devel/.private/denso_robot_core/share/gennodejs/ros/denso_robot_core/msg/DriveValueActionGoal.js, /workspace/ws_denso/devel/share/gennodejs/ros/denso_robot_core/msg/DriveValueActionGoal.js)
Linked: (/workspace/ws_denso/devel/.private/denso_robot_core/share/gennodejs/ros/denso_robot_core/msg/DriveValueActionResult.js, /workspace/ws_denso/devel/share/gennodejs/ros/denso_robot_core/msg/DriveValueActionResult.js)
Linked: (/workspace/ws_denso/devel/.private/denso_robot_core/share/gennodejs/ros/denso_robot_core/msg/DriveValueFeedback.js, /workspace/ws_denso/devel/share/gennodejs/ros/denso_robot_core/msg/DriveValueFeedback.js)
Linked: (/workspace/ws_denso/devel/.private/denso_robot_core/share/gennodejs/ros/denso_robot_core/msg/DriveValueGoal.js, /workspace/ws_denso/devel/share/gennodejs/ros/denso_robot_core/msg/DriveValueGoal.js)
Linked: (/workspace/ws_denso/devel/.private/denso_robot_core/share/gennodejs/ros/denso_robot_core/msg/DriveValueResult.js, /workspace/ws_denso/devel/share/gennodejs/ros/denso_robot_core/msg/DriveValueResult.js)
Linked: (/workspace/ws_denso/devel/.private/denso_robot_core/share/gennodejs/ros/denso_robot_core/msg/ExJoints.js, /workspace/ws_denso/devel/share/gennodejs/ros/denso_robot_core/msg/ExJoints.js)
Linked: (/workspace/ws_denso/devel/.private/denso_robot_core/share/gennodejs/ros/denso_robot_core/msg/Joints.js, /workspace/ws_denso/devel/share/gennodejs/ros/denso_robot_core/msg/Joints.js)
Linked: (/workspace/ws_denso/devel/.private/denso_robot_core/share/gennodejs/ros/denso_robot_core/msg/MoveStringAction.js, /workspace/ws_denso/devel/share/gennodejs/ros/denso_robot_core/msg/MoveStringAction.js)
Linked: (/workspace/ws_denso/devel/.private/denso_robot_core/share/gennodejs/ros/denso_robot_core/msg/MoveStringActionGoal.js, /workspace/ws_denso/devel/share/gennodejs/ros/denso_robot_core/msg/MoveStringActionGoal.js)
Linked: (/workspace/ws_denso/devel/.private/denso_robot_core/share/gennodejs/ros/denso_robot_core/msg/MoveStringActionResult.js, /workspace/ws_denso/devel/share/gennodejs/ros/denso_robot_core/msg/MoveStringActionResult.js)
Linked: (/workspace/ws_denso/devel/.private/denso_robot_core/share/gennodejs/ros/denso_robot_core/msg/MoveStringFeedback.js, /workspace/ws_denso/devel/share/gennodejs/ros/denso_robot_core/msg/MoveStringFeedback.js)
Linked: (/workspace/ws_denso/devel/.private/denso_robot_core/share/gennodejs/ros/denso_robot_core/msg/MoveStringGoal.js, /workspace/ws_denso/devel/share/gennodejs/ros/denso_robot_core/msg/MoveStringGoal.js)
Linked: (/workspace/ws_denso/devel/.private/denso_robot_core/share/gennodejs/ros/denso_robot_core/msg/MoveStringResult.js, /workspace/ws_denso/devel/share/gennodejs/ros/denso_robot_core/msg/MoveStringResult.js)
Linked: (/workspace/ws_denso/devel/.private/denso_robot_core/share/gennodejs/ros/denso_robot_core/msg/MoveValueAction.js, /workspace/ws_denso/devel/share/gennodejs/ros/denso_robot_core/msg/MoveValueAction.js)
Linked: (/workspace/ws_denso/devel/.private/denso_robot_core/share/gennodejs/ros/denso_robot_core/msg/MoveValueActionFeedback.js, /workspace/ws_denso/devel/share/gennodejs/ros/denso_robot_core/msg/MoveValueActionFeedback.js)
Linked: (/workspace/ws_denso/devel/.private/denso_robot_core/share/gennodejs/ros/denso_robot_core/msg/MoveValueActionGoal.js, /workspace/ws_denso/devel/share/gennodejs/ros/denso_robot_core/msg/MoveValueActionGoal.js)
Linked: (/workspace/ws_denso/devel/.private/denso_robot_core/share/gennodejs/ros/denso_robot_core/msg/MoveValueActionResult.js, /workspace/ws_denso/devel/share/gennodejs/ros/denso_robot_core/msg/MoveValueActionResult.js)
Linked: (/workspace/ws_denso/devel/.private/denso_robot_core/share/gennodejs/ros/denso_robot_core/msg/MoveValueFeedback.js, /workspace/ws_denso/devel/share/gennodejs/ros/denso_robot_core/msg/MoveValueFeedback.js)
Linked: (/workspace/ws_denso/devel/.private/denso_robot_core/share/gennodejs/ros/denso_robot_core/msg/MoveValueGoal.js, /workspace/ws_denso/devel/share/gennodejs/ros/denso_robot_core/msg/MoveValueGoal.js)
Linked: (/workspace/ws_denso/devel/.private/denso_robot_core/share/gennodejs/ros/denso_robot_core/msg/MoveValueResult.js, /workspace/ws_denso/devel/share/gennodejs/ros/denso_robot_core/msg/MoveValueResult.js)
Linked: (/workspace/ws_denso/devel/.private/denso_robot_core/share/gennodejs/ros/denso_robot_core/msg/PoseData.js, /workspace/ws_denso/devel/share/gennodejs/ros/denso_robot_core/msg/PoseData.js)
Linked: (/workspace/ws_denso/devel/.private/denso_robot_core/share/gennodejs/ros/denso_robot_core/msg/UserIO.js, /workspace/ws_denso/devel/share/gennodejs/ros/denso_robot_core/msg/UserIO.js)
Linked: (/workspace/ws_denso/devel/.private/denso_robot_core/share/gennodejs/ros/denso_robot_core/msg/_index.js, /workspace/ws_denso/devel/share/gennodejs/ros/denso_robot_core/msg/_index.js)
Linked: (/workspace/ws_denso/devel/.private/denso_robot_core/share/roseus/ros/denso_robot_core/manifest.l, /workspace/ws_denso/devel/share/roseus/ros/denso_robot_core/manifest.l)
Linked: (/workspace/ws_denso/devel/.private/denso_robot_core/share/roseus/ros/denso_robot_core/msg/DriveStringAction.l, /workspace/ws_denso/devel/share/roseus/ros/denso_robot_core/msg/DriveStringAction.l)
Linked: (/workspace/ws_denso/devel/.private/denso_robot_core/share/roseus/ros/denso_robot_core/msg/DriveStringActionFeedback.l, /workspace/ws_denso/devel/share/roseus/ros/denso_robot_core/msg/DriveStringActionFeedback.l)
Linked: (/workspace/ws_denso/devel/.private/denso_robot_core/share/roseus/ros/denso_robot_core/msg/DriveStringActionGoal.l, /workspace/ws_denso/devel/share/roseus/ros/denso_robot_core/msg/DriveStringActionGoal.l)
Linked: (/workspace/ws_denso/devel/.private/denso_robot_core/share/roseus/ros/denso_robot_core/msg/DriveStringActionResult.l, /workspace/ws_denso/devel/share/roseus/ros/denso_robot_core/msg/DriveStringActionResult.l)
Linked: (/workspace/ws_denso/devel/.private/denso_robot_core/share/roseus/ros/denso_robot_core/msg/DriveStringFeedback.l, /workspace/ws_denso/devel/share/roseus/ros/denso_robot_core/msg/DriveStringFeedback.l)
Linked: (/workspace/ws_denso/devel/.private/denso_robot_core/share/roseus/ros/denso_robot_core/msg/DriveStringGoal.l, /workspace/ws_denso/devel/share/roseus/ros/denso_robot_core/msg/DriveStringGoal.l)
Linked: (/workspace/ws_denso/devel/.private/denso_robot_core/share/roseus/ros/denso_robot_core/msg/DriveStringResult.l, /workspace/ws_denso/devel/share/roseus/ros/denso_robot_core/msg/DriveStringResult.l)
Linked: (/workspace/ws_denso/devel/.private/denso_robot_core/share/roseus/ros/denso_robot_core/msg/DriveValueAction.l, /workspace/ws_denso/devel/share/roseus/ros/denso_robot_core/msg/DriveValueAction.l)
Linked: (/workspace/ws_denso/devel/.private/denso_robot_core/share/roseus/ros/denso_robot_core/msg/DriveValueActionFeedback.l, /workspace/ws_denso/devel/share/roseus/ros/denso_robot_core/msg/DriveValueActionFeedback.l)
Linked: (/workspace/ws_denso/devel/.private/denso_robot_core/share/roseus/ros/denso_robot_core/msg/DriveValueActionGoal.l, /workspace/ws_denso/devel/share/roseus/ros/denso_robot_core/msg/DriveValueActionGoal.l)
Linked: (/workspace/ws_denso/devel/.private/denso_robot_core/share/roseus/ros/denso_robot_core/msg/DriveValueActionResult.l, /workspace/ws_denso/devel/share/roseus/ros/denso_robot_core/msg/DriveValueActionResult.l)
Linked: (/workspace/ws_denso/devel/.private/denso_robot_core/share/roseus/ros/denso_robot_core/msg/DriveValueFeedback.l, /workspace/ws_denso/devel/share/roseus/ros/denso_robot_core/msg/DriveValueFeedback.l)
Linked: (/workspace/ws_denso/devel/.private/denso_robot_core/share/roseus/ros/denso_robot_core/msg/DriveValueGoal.l, /workspace/ws_denso/devel/share/roseus/ros/denso_robot_core/msg/DriveValueGoal.l)
Linked: (/workspace/ws_denso/devel/.private/denso_robot_core/share/roseus/ros/denso_robot_core/msg/DriveValueResult.l, /workspace/ws_denso/devel/share/roseus/ros/denso_robot_core/msg/DriveValueResult.l)
Linked: (/workspace/ws_denso/devel/.private/denso_robot_core/share/roseus/ros/denso_robot_core/msg/ExJoints.l, /workspace/ws_denso/devel/share/roseus/ros/denso_robot_core/msg/ExJoints.l)
Linked: (/workspace/ws_denso/devel/.private/denso_robot_core/share/roseus/ros/denso_robot_core/msg/Joints.l, /workspace/ws_denso/devel/share/roseus/ros/denso_robot_core/msg/Joints.l)
Linked: (/workspace/ws_denso/devel/.private/denso_robot_core/share/roseus/ros/denso_robot_core/msg/MoveStringAction.l, /workspace/ws_denso/devel/share/roseus/ros/denso_robot_core/msg/MoveStringAction.l)
Linked: (/workspace/ws_denso/devel/.private/denso_robot_core/share/roseus/ros/denso_robot_core/msg/MoveStringActionFeedback.l, /workspace/ws_denso/devel/share/roseus/ros/denso_robot_core/msg/MoveStringActionFeedback.l)
Linked: (/workspace/ws_denso/devel/.private/denso_robot_core/share/roseus/ros/denso_robot_core/msg/MoveStringActionGoal.l, /workspace/ws_denso/devel/share/roseus/ros/denso_robot_core/msg/MoveStringActionGoal.l)
Linked: (/workspace/ws_denso/devel/.private/denso_robot_core/share/roseus/ros/denso_robot_core/msg/MoveStringActionResult.l, /workspace/ws_denso/devel/share/roseus/ros/denso_robot_core/msg/MoveStringActionResult.l)
Linked: (/workspace/ws_denso/devel/.private/denso_robot_core/share/roseus/ros/denso_robot_core/msg/MoveStringFeedback.l, /workspace/ws_denso/devel/share/roseus/ros/denso_robot_core/msg/MoveStringFeedback.l)
Linked: (/workspace/ws_denso/devel/.private/denso_robot_core/share/roseus/ros/denso_robot_core/msg/MoveStringGoal.l, /workspace/ws_denso/devel/share/roseus/ros/denso_robot_core/msg/MoveStringGoal.l)
Linked: (/workspace/ws_denso/devel/.private/denso_robot_core/share/roseus/ros/denso_robot_core/msg/MoveStringResult.l, /workspace/ws_denso/devel/share/roseus/ros/denso_robot_core/msg/MoveStringResult.l)
Linked: (/workspace/ws_denso/devel/.private/denso_robot_core/share/roseus/ros/denso_robot_core/msg/MoveValueAction.l, /workspace/ws_denso/devel/share/roseus/ros/denso_robot_core/msg/MoveValueAction.l)
Linked: (/workspace/ws_denso/devel/.private/denso_robot_core/share/roseus/ros/denso_robot_core/msg/MoveValueActionFeedback.l, /workspace/ws_denso/devel/share/roseus/ros/denso_robot_core/msg/MoveValueActionFeedback.l)
Linked: (/workspace/ws_denso/devel/.private/denso_robot_core/share/roseus/ros/denso_robot_core/msg/MoveValueActionGoal.l, /workspace/ws_denso/devel/share/roseus/ros/denso_robot_core/msg/MoveValueActionGoal.l)
Linked: (/workspace/ws_denso/devel/.private/denso_robot_core/share/roseus/ros/denso_robot_core/msg/MoveValueActionResult.l, /workspace/ws_denso/devel/share/roseus/ros/denso_robot_core/msg/MoveValueActionResult.l)
Linked: (/workspace/ws_denso/devel/.private/denso_robot_core/share/roseus/ros/denso_robot_core/msg/MoveValueFeedback.l, /workspace/ws_denso/devel/share/roseus/ros/denso_robot_core/msg/MoveValueFeedback.l)
Linked: (/workspace/ws_denso/devel/.private/denso_robot_core/share/roseus/ros/denso_robot_core/msg/MoveValueGoal.l, /workspace/ws_denso/devel/share/roseus/ros/denso_robot_core/msg/MoveValueGoal.l)
Linked: (/workspace/ws_denso/devel/.private/denso_robot_core/share/roseus/ros/denso_robot_core/msg/MoveValueResult.l, /workspace/ws_denso/devel/share/roseus/ros/denso_robot_core/msg/MoveValueResult.l)
Linked: (/workspace/ws_denso/devel/.private/denso_robot_core/share/roseus/ros/denso_robot_core/msg/PoseData.l, /workspace/ws_denso/devel/share/roseus/ros/denso_robot_core/msg/PoseData.l)
Linked: (/workspace/ws_denso/devel/.private/denso_robot_core/share/roseus/ros/denso_robot_core/msg/UserIO.l, /workspace/ws_denso/devel/share/roseus/ros/denso_robot_core/msg/UserIO.l)
