Symlinking /workspace/ws_denso/devel/include/denso_robot_core/DriveStringAction.h
Symlinking /workspace/ws_denso/devel/include/denso_robot_core/DriveStringActionFeedback.h
Symlinking /workspace/ws_denso/devel/include/denso_robot_core/DriveStringActionGoal.h
Symlinking /workspace/ws_denso/devel/include/denso_robot_core/DriveStringActionResult.h
Symlinking /workspace/ws_denso/devel/include/denso_robot_core/DriveStringFeedback.h
Symlinking /workspace/ws_denso/devel/include/denso_robot_core/DriveStringGoal.h
Symlinking /workspace/ws_denso/devel/include/denso_robot_core/DriveStringResult.h
Symlinking /workspace/ws_denso/devel/include/denso_robot_core/DriveValueAction.h
Symlinking /workspace/ws_denso/devel/include/denso_robot_core/DriveValueActionFeedback.h
Symlinking /workspace/ws_denso/devel/include/denso_robot_core/DriveValueActionGoal.h
Symlinking /workspace/ws_denso/devel/include/denso_robot_core/DriveValueActionResult.h
Symlinking /workspace/ws_denso/devel/include/denso_robot_core/DriveValueFeedback.h
Symlinking /workspace/ws_denso/devel/include/denso_robot_core/DriveValueGoal.h
Symlinking /workspace/ws_denso/devel/include/denso_robot_core/DriveValueResult.h
Symlinking /workspace/ws_denso/devel/include/denso_robot_core/ExJoints.h
Symlinking /workspace/ws_denso/devel/include/denso_robot_core/Joints.h
Symlinking /workspace/ws_denso/devel/include/denso_robot_core/MoveStringAction.h
Symlinking /workspace/ws_denso/devel/include/denso_robot_core/MoveStringActionFeedback.h
Symlinking /workspace/ws_denso/devel/include/denso_robot_core/MoveStringActionGoal.h
Symlinking /workspace/ws_denso/devel/include/denso_robot_core/MoveStringActionResult.h
Symlinking /workspace/ws_denso/devel/include/denso_robot_core/MoveStringFeedback.h
Symlinking /workspace/ws_denso/devel/include/denso_robot_core/MoveStringGoal.h
Symlinking /workspace/ws_denso/devel/include/denso_robot_core/MoveStringResult.h
Symlinking /workspace/ws_denso/devel/include/denso_robot_core/MoveValueAction.h
Symlinking /workspace/ws_denso/devel/include/denso_robot_core/MoveValueActionFeedback.h
Symlinking /workspace/ws_denso/devel/include/denso_robot_core/MoveValueActionGoal.h
Symlinking /workspace/ws_denso/devel/include/denso_robot_core/MoveValueActionResult.h
Symlinking /workspace/ws_denso/devel/include/denso_robot_core/MoveValueFeedback.h
Symlinking /workspace/ws_denso/devel/include/denso_robot_core/MoveValueGoal.h
Symlinking /workspace/ws_denso/devel/include/denso_robot_core/MoveValueResult.h
Symlinking /workspace/ws_denso/devel/include/denso_robot_core/PoseData.h
Symlinking /workspace/ws_denso/devel/include/denso_robot_core/UserIO.h
Symlinking /workspace/ws_denso/devel/lib/libdenso_robot_core.so
Symlinking /workspace/ws_denso/devel/lib/denso_robot_core/denso_robot_core_exec
Symlinking /workspace/ws_denso/devel/lib/pkgconfig/denso_robot_core.pc
Symlinking /workspace/ws_denso/devel/lib/python2.7/dist-packages/denso_robot_core/__init__.py
Symlinking /workspace/ws_denso/devel/lib/python2.7/dist-packages/denso_robot_core/msg/_MoveStringAction.py
Symlinking /workspace/ws_denso/devel/lib/python2.7/dist-packages/denso_robot_core/msg/_DriveStringAction.py
Symlinking /workspace/ws_denso/devel/lib/python2.7/dist-packages/denso_robot_core/msg/_DriveStringActionFeedback.py
Symlinking /workspace/ws_denso/devel/lib/python2.7/dist-packages/denso_robot_core/msg/_DriveStringActionGoal.py
Symlinking /workspace/ws_denso/devel/lib/python2.7/dist-packages/denso_robot_core/msg/_DriveStringActionResult.py
Symlinking /workspace/ws_denso/devel/lib/python2.7/dist-packages/denso_robot_core/msg/_DriveStringFeedback.py
Symlinking /workspace/ws_denso/devel/lib/python2.7/dist-packages/denso_robot_core/msg/_DriveStringGoal.py
Symlinking /workspace/ws_denso/devel/lib/python2.7/dist-packages/denso_robot_core/msg/_DriveStringResult.py
Symlinking /workspace/ws_denso/devel/lib/python2.7/dist-packages/denso_robot_core/msg/_DriveValueAction.py
Symlinking /workspace/ws_denso/devel/lib/python2.7/dist-packages/denso_robot_core/msg/_DriveValueActionFeedback.py
Symlinking /workspace/ws_denso/devel/lib/python2.7/dist-packages/denso_robot_core/msg/_DriveValueActionGoal.py
Symlinking /workspace/ws_denso/devel/lib/python2.7/dist-packages/denso_robot_core/msg/_DriveValueActionResult.py
Symlinking /workspace/ws_denso/devel/lib/python2.7/dist-packages/denso_robot_core/msg/_DriveValueFeedback.py
Symlinking /workspace/ws_denso/devel/lib/python2.7/dist-packages/denso_robot_core/msg/_DriveValueGoal.py
Symlinking /workspace/ws_denso/devel/lib/python2.7/dist-packages/denso_robot_core/msg/_DriveValueResult.py
Symlinking /workspace/ws_denso/devel/lib/python2.7/dist-packages/denso_robot_core/msg/_ExJoints.py
Symlinking /workspace/ws_denso/devel/lib/python2.7/dist-packages/denso_robot_core/msg/_Joints.py
Symlinking /workspace/ws_denso/devel/lib/python2.7/dist-packages/denso_robot_core/msg/_MoveStringActionFeedback.py
Symlinking /workspace/ws_denso/devel/lib/python2.7/dist-packages/denso_robot_core/msg/_MoveStringActionGoal.py
Symlinking /workspace/ws_denso/devel/lib/python2.7/dist-packages/denso_robot_core/msg/_MoveStringActionResult.py
Symlinking /workspace/ws_denso/devel/lib/python2.7/dist-packages/denso_robot_core/msg/_MoveStringFeedback.py
Symlinking /workspace/ws_denso/devel/lib/python2.7/dist-packages/denso_robot_core/msg/_MoveStringGoal.py
Symlinking /workspace/ws_denso/devel/lib/python2.7/dist-packages/denso_robot_core/msg/_MoveStringResult.py
Symlinking /workspace/ws_denso/devel/lib/python2.7/dist-packages/denso_robot_core/msg/_MoveValueAction.py
Symlinking /workspace/ws_denso/devel/lib/python2.7/dist-packages/denso_robot_core/msg/_MoveValueActionFeedback.py
Symlinking /workspace/ws_denso/devel/lib/python2.7/dist-packages/denso_robot_core/msg/_MoveValueActionGoal.py
Symlinking /workspace/ws_denso/devel/lib/python2.7/dist-packages/denso_robot_core/msg/_MoveValueActionResult.py
Symlinking /workspace/ws_denso/devel/lib/python2.7/dist-packages/denso_robot_core/msg/_MoveValueFeedback.py
Symlinking /workspace/ws_denso/devel/lib/python2.7/dist-packages/denso_robot_core/msg/_MoveValueGoal.py
Symlinking /workspace/ws_denso/devel/lib/python2.7/dist-packages/denso_robot_core/msg/_MoveValueResult.py
Symlinking /workspace/ws_denso/devel/lib/python2.7/dist-packages/denso_robot_core/msg/_PoseData.py
Symlinking /workspace/ws_denso/devel/lib/python2.7/dist-packages/denso_robot_core/msg/_UserIO.py
Symlinking /workspace/ws_denso/devel/lib/python2.7/dist-packages/denso_robot_core/msg/__init__.py
Symlinking /workspace/ws_denso/devel/share/common-lisp/ros/denso_robot_core/msg/denso_robot_core-msg.asd
Symlinking /workspace/ws_denso/devel/share/common-lisp/ros/denso_robot_core/msg/DriveStringAction.lisp
Symlinking /workspace/ws_denso/devel/share/common-lisp/ros/denso_robot_core/msg/DriveStringActionFeedback.lisp
Symlinking /workspace/ws_denso/devel/share/common-lisp/ros/denso_robot_core/msg/DriveStringActionGoal.lisp
Symlinking /workspace/ws_denso/devel/share/common-lisp/ros/denso_robot_core/msg/DriveStringActionResult.lisp
Symlinking /workspace/ws_denso/devel/share/common-lisp/ros/denso_robot_core/msg/DriveStringFeedback.lisp
Symlinking /workspace/ws_denso/devel/share/common-lisp/ros/denso_robot_core/msg/DriveStringGoal.lisp
Symlinking /workspace/ws_denso/devel/share/common-lisp/ros/denso_robot_core/msg/DriveStringResult.lisp
Symlinking /workspace/ws_denso/devel/share/common-lisp/ros/denso_robot_core/msg/DriveValueAction.lisp
Symlinking /workspace/ws_denso/devel/share/common-lisp/ros/denso_robot_core/msg/DriveValueActionFeedback.lisp
Symlinking /workspace/ws_denso/devel/share/common-lisp/ros/denso_robot_core/msg/DriveValueActionGoal.lisp
Symlinking /workspace/ws_denso/devel/share/common-lisp/ros/denso_robot_core/msg/DriveValueActionResult.lisp
Symlinking /workspace/ws_denso/devel/share/common-lisp/ros/denso_robot_core/msg/DriveValueFeedback.lisp
Symlinking /workspace/ws_denso/devel/share/common-lisp/ros/denso_robot_core/msg/DriveValueGoal.lisp
Symlinking /workspace/ws_denso/devel/share/common-lisp/ros/denso_robot_core/msg/DriveValueResult.lisp
Symlinking /workspace/ws_denso/devel/share/common-lisp/ros/denso_robot_core/msg/ExJoints.lisp
Symlinking /workspace/ws_denso/devel/share/common-lisp/ros/denso_robot_core/msg/Joints.lisp
Symlinking /workspace/ws_denso/devel/share/common-lisp/ros/denso_robot_core/msg/_package_DriveStringAction.lisp
Symlinking /workspace/ws_denso/devel/share/common-lisp/ros/denso_robot_core/msg/_package_DriveStringActionFeedback.lisp
Symlinking /workspace/ws_denso/devel/share/common-lisp/ros/denso_robot_core/msg/_package_DriveStringActionGoal.lisp
Symlinking /workspace/ws_denso/devel/share/common-lisp/ros/denso_robot_core/msg/_package_DriveStringActionResult.lisp
Symlinking /workspace/ws_denso/devel/share/common-lisp/ros/denso_robot_core/msg/_package_DriveStringFeedback.lisp
Symlinking /workspace/ws_denso/devel/share/common-lisp/ros/denso_robot_core/msg/_package_DriveStringGoal.lisp
Symlinking /workspace/ws_denso/devel/share/common-lisp/ros/denso_robot_core/msg/_package_DriveStringResult.lisp
Symlinking /workspace/ws_denso/devel/share/common-lisp/ros/denso_robot_core/msg/_package_DriveValueAction.lisp
Symlinking /workspace/ws_denso/devel/share/common-lisp/ros/denso_robot_core/msg/_package_DriveValueActionFeedback.lisp
Symlinking /workspace/ws_denso/devel/share/common-lisp/ros/denso_robot_core/msg/_package_DriveValueActionGoal.lisp
Symlinking /workspace/ws_denso/devel/share/common-lisp/ros/denso_robot_core/msg/_package_DriveValueActionResult.lisp
Symlinking /workspace/ws_denso/devel/share/common-lisp/ros/denso_robot_core/msg/_package_DriveValueFeedback.lisp
Symlinking /workspace/ws_denso/devel/share/common-lisp/ros/denso_robot_core/msg/_package_DriveValueGoal.lisp
Symlinking /workspace/ws_denso/devel/share/common-lisp/ros/denso_robot_core/msg/_package_DriveValueResult.lisp
Symlinking /workspace/ws_denso/devel/share/common-lisp/ros/denso_robot_core/msg/_package_ExJoints.lisp
Symlinking /workspace/ws_denso/devel/share/common-lisp/ros/denso_robot_core/msg/_package_Joints.lisp
Symlinking /workspace/ws_denso/devel/share/common-lisp/ros/denso_robot_core/msg/_package_MoveStringAction.lisp
Symlinking /workspace/ws_denso/devel/share/common-lisp/ros/denso_robot_core/msg/_package_MoveStringActionGoal.lisp
Symlinking /workspace/ws_denso/devel/share/common-lisp/ros/denso_robot_core/msg/_package_MoveStringActionResult.lisp
Symlinking /workspace/ws_denso/devel/share/common-lisp/ros/denso_robot_core/msg/_package_MoveStringFeedback.lisp
Symlinking /workspace/ws_denso/devel/share/common-lisp/ros/denso_robot_core/msg/_package_MoveStringGoal.lisp
Symlinking /workspace/ws_denso/devel/share/common-lisp/ros/denso_robot_core/msg/_package_MoveStringResult.lisp
Symlinking /workspace/ws_denso/devel/share/common-lisp/ros/denso_robot_core/msg/_package_MoveValueAction.lisp
Symlinking /workspace/ws_denso/devel/share/common-lisp/ros/denso_robot_core/msg/_package_MoveValueActionFeedback.lisp
Symlinking /workspace/ws_denso/devel/share/common-lisp/ros/denso_robot_core/msg/_package_MoveValueActionGoal.lisp
Symlinking /workspace/ws_denso/devel/share/common-lisp/ros/denso_robot_core/msg/_package_MoveValueActionResult.lisp
Symlinking /workspace/ws_denso/devel/share/common-lisp/ros/denso_robot_core/msg/_package_MoveValueFeedback.lisp
Symlinking /workspace/ws_denso/devel/share/common-lisp/ros/denso_robot_core/msg/_package_MoveValueGoal.lisp
Symlinking /workspace/ws_denso/devel/share/common-lisp/ros/denso_robot_core/msg/_package_MoveValueResult.lisp
Symlinking /workspace/ws_denso/devel/share/common-lisp/ros/denso_robot_core/msg/_package_PoseData.lisp
Symlinking /workspace/ws_denso/devel/share/common-lisp/ros/denso_robot_core/msg/_package_UserIO.lisp
Symlinking /workspace/ws_denso/devel/share/common-lisp/ros/denso_robot_core/msg/MoveStringActionFeedback.lisp
Symlinking /workspace/ws_denso/devel/share/common-lisp/ros/denso_robot_core/msg/MoveStringActionGoal.lisp
Symlinking /workspace/ws_denso/devel/share/common-lisp/ros/denso_robot_core/msg/MoveStringActionResult.lisp
Symlinking /workspace/ws_denso/devel/share/common-lisp/ros/denso_robot_core/msg/MoveStringFeedback.lisp
Symlinking /workspace/ws_denso/devel/share/common-lisp/ros/denso_robot_core/msg/MoveStringGoal.lisp
Symlinking /workspace/ws_denso/devel/share/common-lisp/ros/denso_robot_core/msg/MoveStringResult.lisp
Symlinking /workspace/ws_denso/devel/share/common-lisp/ros/denso_robot_core/msg/MoveValueAction.lisp
Symlinking /workspace/ws_denso/devel/share/common-lisp/ros/denso_robot_core/msg/MoveValueActionFeedback.lisp
Symlinking /workspace/ws_denso/devel/share/common-lisp/ros/denso_robot_core/msg/MoveValueActionGoal.lisp
Symlinking /workspace/ws_denso/devel/share/common-lisp/ros/denso_robot_core/msg/MoveValueActionResult.lisp
Symlinking /workspace/ws_denso/devel/share/common-lisp/ros/denso_robot_core/msg/MoveValueFeedback.lisp
Symlinking /workspace/ws_denso/devel/share/common-lisp/ros/denso_robot_core/msg/MoveValueGoal.lisp
Symlinking /workspace/ws_denso/devel/share/common-lisp/ros/denso_robot_core/msg/MoveValueResult.lisp
Symlinking /workspace/ws_denso/devel/share/common-lisp/ros/denso_robot_core/msg/PoseData.lisp
Symlinking /workspace/ws_denso/devel/share/common-lisp/ros/denso_robot_core/msg/UserIO.lisp
Symlinking /workspace/ws_denso/devel/share/common-lisp/ros/denso_robot_core/msg/MoveStringAction.lisp
Symlinking /workspace/ws_denso/devel/share/common-lisp/ros/denso_robot_core/msg/_package.lisp
Symlinking /workspace/ws_denso/devel/share/common-lisp/ros/denso_robot_core/msg/_package_MoveStringActionFeedback.lisp
Symlinking /workspace/ws_denso/devel/share/denso_robot_core/cmake/denso_robot_core-msg-extras.cmake
Symlinking /workspace/ws_denso/devel/share/denso_robot_core/cmake/denso_robot_core-msg-paths.cmake
Symlinking /workspace/ws_denso/devel/share/denso_robot_core/cmake/denso_robot_coreConfig-version.cmake
Symlinking /workspace/ws_denso/devel/share/denso_robot_core/cmake/denso_robot_coreConfig.cmake
Symlinking /workspace/ws_denso/devel/share/denso_robot_core/msg/DriveStringAction.msg
Symlinking /workspace/ws_denso/devel/share/denso_robot_core/msg/DriveStringActionFeedback.msg
Symlinking /workspace/ws_denso/devel/share/denso_robot_core/msg/DriveStringActionGoal.msg
Symlinking /workspace/ws_denso/devel/share/denso_robot_core/msg/DriveStringActionResult.msg
Symlinking /workspace/ws_denso/devel/share/denso_robot_core/msg/DriveStringFeedback.msg
Symlinking /workspace/ws_denso/devel/share/denso_robot_core/msg/DriveStringGoal.msg
Symlinking /workspace/ws_denso/devel/share/denso_robot_core/msg/DriveStringResult.msg
Symlinking /workspace/ws_denso/devel/share/denso_robot_core/msg/DriveValueAction.msg
Symlinking /workspace/ws_denso/devel/share/denso_robot_core/msg/DriveValueActionFeedback.msg
Symlinking /workspace/ws_denso/devel/share/denso_robot_core/msg/DriveValueActionGoal.msg
Symlinking /workspace/ws_denso/devel/share/denso_robot_core/msg/DriveValueActionResult.msg
Symlinking /workspace/ws_denso/devel/share/denso_robot_core/msg/DriveValueFeedback.msg
Symlinking /workspace/ws_denso/devel/share/denso_robot_core/msg/DriveValueGoal.msg
Symlinking /workspace/ws_denso/devel/share/denso_robot_core/msg/DriveValueResult.msg
Symlinking /workspace/ws_denso/devel/share/denso_robot_core/msg/MoveStringAction.msg
Symlinking /workspace/ws_denso/devel/share/denso_robot_core/msg/MoveStringActionFeedback.msg
Symlinking /workspace/ws_denso/devel/share/denso_robot_core/msg/MoveStringActionGoal.msg
Symlinking /workspace/ws_denso/devel/share/denso_robot_core/msg/MoveStringActionResult.msg
Symlinking /workspace/ws_denso/devel/share/denso_robot_core/msg/MoveStringFeedback.msg
Symlinking /workspace/ws_denso/devel/share/denso_robot_core/msg/MoveStringGoal.msg
Symlinking /workspace/ws_denso/devel/share/denso_robot_core/msg/MoveStringResult.msg
Symlinking /workspace/ws_denso/devel/share/denso_robot_core/msg/MoveValueAction.msg
Symlinking /workspace/ws_denso/devel/share/denso_robot_core/msg/MoveValueActionFeedback.msg
Symlinking /workspace/ws_denso/devel/share/denso_robot_core/msg/MoveValueActionGoal.msg
Symlinking /workspace/ws_denso/devel/share/denso_robot_core/msg/MoveValueActionResult.msg
Symlinking /workspace/ws_denso/devel/share/denso_robot_core/msg/MoveValueFeedback.msg
Symlinking /workspace/ws_denso/devel/share/denso_robot_core/msg/MoveValueGoal.msg
Symlinking /workspace/ws_denso/devel/share/denso_robot_core/msg/MoveValueResult.msg
Symlinking /workspace/ws_denso/devel/share/gennodejs/ros/denso_robot_core/_index.js
Symlinking /workspace/ws_denso/devel/share/gennodejs/ros/denso_robot_core/msg/MoveStringActionFeedback.js
Symlinking /workspace/ws_denso/devel/share/gennodejs/ros/denso_robot_core/msg/DriveStringAction.js
Symlinking /workspace/ws_denso/devel/share/gennodejs/ros/denso_robot_core/msg/DriveStringActionFeedback.js
Symlinking /workspace/ws_denso/devel/share/gennodejs/ros/denso_robot_core/msg/DriveStringActionGoal.js
Symlinking /workspace/ws_denso/devel/share/gennodejs/ros/denso_robot_core/msg/DriveStringActionResult.js
Symlinking /workspace/ws_denso/devel/share/gennodejs/ros/denso_robot_core/msg/DriveStringFeedback.js
Symlinking /workspace/ws_denso/devel/share/gennodejs/ros/denso_robot_core/msg/DriveStringGoal.js
Symlinking /workspace/ws_denso/devel/share/gennodejs/ros/denso_robot_core/msg/DriveStringResult.js
Symlinking /workspace/ws_denso/devel/share/gennodejs/ros/denso_robot_core/msg/DriveValueAction.js
Symlinking /workspace/ws_denso/devel/share/gennodejs/ros/denso_robot_core/msg/DriveValueActionFeedback.js
Symlinking /workspace/ws_denso/devel/share/gennodejs/ros/denso_robot_core/msg/DriveValueActionGoal.js
Symlinking /workspace/ws_denso/devel/share/gennodejs/ros/denso_robot_core/msg/DriveValueActionResult.js
Symlinking /workspace/ws_denso/devel/share/gennodejs/ros/denso_robot_core/msg/DriveValueFeedback.js
Symlinking /workspace/ws_denso/devel/share/gennodejs/ros/denso_robot_core/msg/DriveValueGoal.js
Symlinking /workspace/ws_denso/devel/share/gennodejs/ros/denso_robot_core/msg/DriveValueResult.js
Symlinking /workspace/ws_denso/devel/share/gennodejs/ros/denso_robot_core/msg/ExJoints.js
Symlinking /workspace/ws_denso/devel/share/gennodejs/ros/denso_robot_core/msg/Joints.js
Symlinking /workspace/ws_denso/devel/share/gennodejs/ros/denso_robot_core/msg/MoveStringAction.js
Symlinking /workspace/ws_denso/devel/share/gennodejs/ros/denso_robot_core/msg/MoveStringActionGoal.js
Symlinking /workspace/ws_denso/devel/share/gennodejs/ros/denso_robot_core/msg/MoveStringActionResult.js
Symlinking /workspace/ws_denso/devel/share/gennodejs/ros/denso_robot_core/msg/MoveStringFeedback.js
Symlinking /workspace/ws_denso/devel/share/gennodejs/ros/denso_robot_core/msg/MoveStringGoal.js
Symlinking /workspace/ws_denso/devel/share/gennodejs/ros/denso_robot_core/msg/MoveStringResult.js
Symlinking /workspace/ws_denso/devel/share/gennodejs/ros/denso_robot_core/msg/MoveValueAction.js
Symlinking /workspace/ws_denso/devel/share/gennodejs/ros/denso_robot_core/msg/MoveValueActionFeedback.js
Symlinking /workspace/ws_denso/devel/share/gennodejs/ros/denso_robot_core/msg/MoveValueActionGoal.js
Symlinking /workspace/ws_denso/devel/share/gennodejs/ros/denso_robot_core/msg/MoveValueActionResult.js
Symlinking /workspace/ws_denso/devel/share/gennodejs/ros/denso_robot_core/msg/MoveValueFeedback.js
Symlinking /workspace/ws_denso/devel/share/gennodejs/ros/denso_robot_core/msg/MoveValueGoal.js
Symlinking /workspace/ws_denso/devel/share/gennodejs/ros/denso_robot_core/msg/MoveValueResult.js
Symlinking /workspace/ws_denso/devel/share/gennodejs/ros/denso_robot_core/msg/PoseData.js
Symlinking /workspace/ws_denso/devel/share/gennodejs/ros/denso_robot_core/msg/UserIO.js
Symlinking /workspace/ws_denso/devel/share/gennodejs/ros/denso_robot_core/msg/_index.js
Symlinking /workspace/ws_denso/devel/share/roseus/ros/denso_robot_core/manifest.l
Symlinking /workspace/ws_denso/devel/share/roseus/ros/denso_robot_core/msg/DriveStringAction.l
Symlinking /workspace/ws_denso/devel/share/roseus/ros/denso_robot_core/msg/DriveStringActionFeedback.l
Symlinking /workspace/ws_denso/devel/share/roseus/ros/denso_robot_core/msg/DriveStringActionGoal.l
Symlinking /workspace/ws_denso/devel/share/roseus/ros/denso_robot_core/msg/DriveStringActionResult.l
Symlinking /workspace/ws_denso/devel/share/roseus/ros/denso_robot_core/msg/DriveStringFeedback.l
Symlinking /workspace/ws_denso/devel/share/roseus/ros/denso_robot_core/msg/DriveStringGoal.l
Symlinking /workspace/ws_denso/devel/share/roseus/ros/denso_robot_core/msg/DriveStringResult.l
Symlinking /workspace/ws_denso/devel/share/roseus/ros/denso_robot_core/msg/DriveValueAction.l
Symlinking /workspace/ws_denso/devel/share/roseus/ros/denso_robot_core/msg/DriveValueActionFeedback.l
Symlinking /workspace/ws_denso/devel/share/roseus/ros/denso_robot_core/msg/DriveValueActionGoal.l
Symlinking /workspace/ws_denso/devel/share/roseus/ros/denso_robot_core/msg/DriveValueActionResult.l
Symlinking /workspace/ws_denso/devel/share/roseus/ros/denso_robot_core/msg/DriveValueFeedback.l
Symlinking /workspace/ws_denso/devel/share/roseus/ros/denso_robot_core/msg/DriveValueGoal.l
Symlinking /workspace/ws_denso/devel/share/roseus/ros/denso_robot_core/msg/DriveValueResult.l
Symlinking /workspace/ws_denso/devel/share/roseus/ros/denso_robot_core/msg/ExJoints.l
Symlinking /workspace/ws_denso/devel/share/roseus/ros/denso_robot_core/msg/Joints.l
Symlinking /workspace/ws_denso/devel/share/roseus/ros/denso_robot_core/msg/MoveStringAction.l
Symlinking /workspace/ws_denso/devel/share/roseus/ros/denso_robot_core/msg/MoveStringActionFeedback.l
Symlinking /workspace/ws_denso/devel/share/roseus/ros/denso_robot_core/msg/MoveStringActionGoal.l
Symlinking /workspace/ws_denso/devel/share/roseus/ros/denso_robot_core/msg/MoveStringActionResult.l
Symlinking /workspace/ws_denso/devel/share/roseus/ros/denso_robot_core/msg/MoveStringFeedback.l
Symlinking /workspace/ws_denso/devel/share/roseus/ros/denso_robot_core/msg/MoveStringGoal.l
Symlinking /workspace/ws_denso/devel/share/roseus/ros/denso_robot_core/msg/MoveStringResult.l
Symlinking /workspace/ws_denso/devel/share/roseus/ros/denso_robot_core/msg/MoveValueAction.l
Symlinking /workspace/ws_denso/devel/share/roseus/ros/denso_robot_core/msg/MoveValueActionFeedback.l
Symlinking /workspace/ws_denso/devel/share/roseus/ros/denso_robot_core/msg/MoveValueActionGoal.l
Symlinking /workspace/ws_denso/devel/share/roseus/ros/denso_robot_core/msg/MoveValueActionResult.l
Symlinking /workspace/ws_denso/devel/share/roseus/ros/denso_robot_core/msg/MoveValueFeedback.l
Symlinking /workspace/ws_denso/devel/share/roseus/ros/denso_robot_core/msg/MoveValueGoal.l
Symlinking /workspace/ws_denso/devel/share/roseus/ros/denso_robot_core/msg/MoveValueResult.l
Symlinking /workspace/ws_denso/devel/share/roseus/ros/denso_robot_core/msg/PoseData.l
Symlinking /workspace/ws_denso/devel/share/roseus/ros/denso_robot_core/msg/UserIO.l
