Determining if the pthread_create exist failed with the following output:
Change Dir: /workspace/ws_moveit/build/moveit_servo/CMakeFiles/CMakeTmp

Run Build Command:"/usr/bin/make" "cmTC_dccd1/fast"
/usr/bin/make -f CMakeFiles/cmTC_dccd1.dir/build.make CMakeFiles/cmTC_dccd1.dir/build
make[1]: Entering directory '/workspace/ws_moveit/build/moveit_servo/CMakeFiles/CMakeTmp'
Building C object CMakeFiles/cmTC_dccd1.dir/CheckSymbolExists.c.o
/usr/bin/cc    -o CMakeFiles/cmTC_dccd1.dir/CheckSymbolExists.c.o   -c /workspace/ws_moveit/build/moveit_servo/CMakeFiles/CMakeTmp/CheckSymbolExists.c
Linking C executable cmTC_dccd1
/usr/bin/cmake -E cmake_link_script CMakeFiles/cmTC_dccd1.dir/link.txt --verbose=1
/usr/bin/cc      -rdynamic CMakeFiles/cmTC_dccd1.dir/CheckSymbolExists.c.o  -o cmTC_dccd1 
CMakeFiles/cmTC_dccd1.dir/CheckSymbolExists.c.o: In function `main':
CheckSymbolExists.c:(.text+0x1b): undefined reference to `pthread_create'
collect2: error: ld returned 1 exit status
CMakeFiles/cmTC_dccd1.dir/build.make:97: recipe for target 'cmTC_dccd1' failed
make[1]: *** [cmTC_dccd1] Error 1
make[1]: Leaving directory '/workspace/ws_moveit/build/moveit_servo/CMakeFiles/CMakeTmp'
Makefile:126: recipe for target 'cmTC_dccd1/fast' failed
make: *** [cmTC_dccd1/fast] Error 2

File /workspace/ws_moveit/build/moveit_servo/CMakeFiles/CMakeTmp/CheckSymbolExists.c:
/* */
#include <pthread.h>

int main(int argc, char** argv)
{
  (void)argv;
#ifndef pthread_create
  return ((int*)(&pthread_create))[argc];
#else
  (void)argc;
  return 0;
#endif
}

Determining if the function pthread_create exists in the pthreads failed with the following output:
Change Dir: /workspace/ws_moveit/build/moveit_servo/CMakeFiles/CMakeTmp

Run Build Command:"/usr/bin/make" "cmTC_f47a0/fast"
/usr/bin/make -f CMakeFiles/cmTC_f47a0.dir/build.make CMakeFiles/cmTC_f47a0.dir/build
make[1]: Entering directory '/workspace/ws_moveit/build/moveit_servo/CMakeFiles/CMakeTmp'
Building C object CMakeFiles/cmTC_f47a0.dir/CheckFunctionExists.c.o
/usr/bin/cc   -DCHECK_FUNCTION_EXISTS=pthread_create   -o CMakeFiles/cmTC_f47a0.dir/CheckFunctionExists.c.o   -c /usr/share/cmake-3.10/Modules/CheckFunctionExists.c
Linking C executable cmTC_f47a0
/usr/bin/cmake -E cmake_link_script CMakeFiles/cmTC_f47a0.dir/link.txt --verbose=1
/usr/bin/cc  -DCHECK_FUNCTION_EXISTS=pthread_create    -rdynamic CMakeFiles/cmTC_f47a0.dir/CheckFunctionExists.c.o  -o cmTC_f47a0 -lpthreads 
/usr/bin/ld: cannot find -lpthreads
collect2: error: ld returned 1 exit status
CMakeFiles/cmTC_f47a0.dir/build.make:97: recipe for target 'cmTC_f47a0' failed
make[1]: *** [cmTC_f47a0] Error 1
make[1]: Leaving directory '/workspace/ws_moveit/build/moveit_servo/CMakeFiles/CMakeTmp'
Makefile:126: recipe for target 'cmTC_f47a0/fast' failed
make: *** [cmTC_f47a0/fast] Error 2


