[  0%] Built target geometry_msgs_generate_messages_eus
[  0%] Built target rosgraph_msgs_generate_messages_cpp
[  0%] Built target _catkin_empty_exported_target
[  0%] Built target sensor_msgs_generate_messages_eus
[  0%] Built target octomap_msgs_generate_messages_cpp
[  0%] Built target actionlib_generate_messages_nodejs
[  0%] Built target octomap_msgs_generate_messages_py
[  0%] Built target actionlib_msgs_generate_messages_cpp
[  0%] Built target rosgraph_msgs_generate_messages_eus
[  0%] Built target actionlib_msgs_generate_messages_lisp
[  0%] Built target object_recognition_msgs_generate_messages_cpp
[  0%] Built target actionlib_msgs_generate_messages_py
[  0%] Built target shape_msgs_generate_messages_cpp
[  0%] Built target actionlib_generate_messages_eus
[  0%] Built target geometry_msgs_generate_messages_lisp
[  0%] Built target actionlib_generate_messages_lisp
[  0%] Built target actionlib_msgs_generate_messages_nodejs
[  0%] Built target visualization_msgs_generate_messages_nodejs
[  0%] Built target moveit_msgs_generate_messages_py
[  0%] Built target std_msgs_generate_messages_cpp
[  0%] Built target geometry_msgs_generate_messages_cpp
[  0%] Built target roscpp_generate_messages_py
[  0%] Built target sensor_msgs_generate_messages_lisp
[  0%] Built target trajectory_msgs_generate_messages_eus
[  0%] Built target roscpp_generate_messages_eus
[  0%] Built target rosgraph_msgs_generate_messages_nodejs
[  0%] Built target actionlib_msgs_generate_messages_eus
[  0%] Built target rosgraph_msgs_generate_messages_py
[  0%] Built target actionlib_generate_messages_cpp
[  0%] Built target trajectory_msgs_generate_messages_py
[  0%] Built target visualization_msgs_generate_messages_lisp
[  0%] Built target moveit_msgs_generate_messages_nodejs
[  0%] Built target sensor_msgs_generate_messages_nodejs
[  0%] Built target object_recognition_msgs_generate_messages_eus
[  0%] Built target std_msgs_generate_messages_eus
[  0%] Built target roscpp_generate_messages_cpp
[  0%] Built target octomap_msgs_generate_messages_eus
[  0%] Built target geometry_msgs_generate_messages_py
[  0%] Built target rosgraph_msgs_generate_messages_lisp
[  0%] Built target geometry_msgs_generate_messages_nodejs
[  0%] Built target object_recognition_msgs_generate_messages_lisp
[  0%] Built target tf2_msgs_generate_messages_py
[  0%] Built target tf2_msgs_generate_messages_lisp
[  0%] Built target std_msgs_generate_messages_lisp
[  0%] Built target roscpp_generate_messages_nodejs
[  0%] Built target tf2_msgs_generate_messages_cpp
[  0%] Built target actionlib_generate_messages_py
[  0%] Built target std_msgs_generate_messages_py
[  0%] Built target tf2_msgs_generate_messages_nodejs
[  0%] Built target shape_msgs_generate_messages_lisp
[  0%] Built target shape_msgs_generate_messages_eus
[  0%] Built target octomap_msgs_generate_messages_nodejs
[  0%] Built target tf2_msgs_generate_messages_eus
[  0%] Built target visualization_msgs_generate_messages_py
[  0%] Built target object_recognition_msgs_generate_messages_nodejs
[  0%] Built target object_recognition_msgs_generate_messages_py
[  0%] Built target visualization_msgs_generate_messages_eus
[  0%] Built target shape_msgs_generate_messages_nodejs
[  0%] Built target visualization_msgs_generate_messages_cpp
[  0%] Built target std_msgs_generate_messages_nodejs
[  0%] Built target moveit_msgs_generate_messages_cpp
[  0%] Built target moveit_msgs_generate_messages_eus
[  0%] Built target moveit_msgs_generate_messages_lisp
[  0%] Built target sensor_msgs_generate_messages_cpp
[  0%] Built target sensor_msgs_generate_messages_py
[  0%] Built target trajectory_msgs_generate_messages_nodejs
[  0%] Built target trajectory_msgs_generate_messages_lisp
[  0%] Built target trajectory_msgs_generate_messages_cpp
[  0%] Built target shape_msgs_generate_messages_py
[  0%] Built target octomap_msgs_generate_messages_lisp
[  0%] Built target roscpp_generate_messages_lisp
[  1%] Built target moveit_exceptions
[  3%] Built target moveit_version
[  4%] Built target moveit_profiler
[  6%] Built target gtest
[  9%] Built target moveit_background_processing
[ 11%] Built target moveit_python_tools
[ 12%] Built target moveit_transforms
[ 17%] Built target moveit_utils
[ 19%] Built target moveit_kinematics_base
[ 23%] Built target moveit_distance_field
[ 34%] Built target moveit_robot_model
[ 36%] Built target moveit_test_utils
[ 41%] Built target moveit_robot_state
[ 41%] [32mBuilding CXX object robot_state/CMakeFiles/robot_state_benchmark.dir/test/robot_state_benchmark.cpp.o[0m
[ 41%] [32mBuilding CXX object dynamics_solver/CMakeFiles/moveit_dynamics_solver.dir/src/dynamics_solver.cpp.o[0m
[ 41%] [32mBuilding CXX object kinematics_metrics/CMakeFiles/moveit_kinematics_metrics.dir/src/kinematics_metrics.cpp.o[0m
[ 41%] [32mBuilding CXX object robot_trajectory/CMakeFiles/moveit_robot_trajectory.dir/src/robot_trajectory.cpp.o[0m
[ 41%] [32mBuilding CXX object collision_detection/CMakeFiles/moveit_collision_detection.dir/src/allvalid/collision_env_allvalid.cpp.o[0m
[ 41%] [32mBuilding CXX object collision_detection/CMakeFiles/moveit_collision_detection.dir/src/collision_matrix.cpp.o[0m
[ 44%] [32mBuilding CXX object collision_detection/CMakeFiles/moveit_collision_detection.dir/src/collision_octomap_filter.cpp.o[0m
[ 44%] [32mBuilding CXX object collision_detection/CMakeFiles/moveit_collision_detection.dir/src/collision_common.cpp.o[0m
[ 44%] [32mBuilding CXX object collision_detection/CMakeFiles/moveit_collision_detection.dir/src/collision_tools.cpp.o[0m
[ 47%] [32mBuilding CXX object collision_detection/CMakeFiles/moveit_collision_detection.dir/src/collision_env.cpp.o[0m
[ 47%] [32mBuilding CXX object collision_detection/CMakeFiles/moveit_collision_detection.dir/src/world_diff.cpp.o[0m
[ 47%] [32mBuilding CXX object collision_detection/CMakeFiles/moveit_collision_detection.dir/src/world.cpp.o[0m
[ 49%] [32mBuilding CXX object collision_detection/CMakeFiles/moveit_collision_detection.dir/src/collision_plugin_cache.cpp.o[0m
[ 50%] [32m[1mLinking CXX shared library /workspace/ws_moveit/devel/.private/moveit_core/lib/libmoveit_dynamics_solver.so[0m
[ 50%] Built target moveit_dynamics_solver
[ 52%] [32m[1mLinking CXX executable /workspace/ws_moveit/devel/.private/moveit_core/lib/moveit_core/robot_state_benchmark[0m
[ 52%] Built target robot_state_benchmark
[ 53%] [32m[1mLinking CXX shared library /workspace/ws_moveit/devel/.private/moveit_core/lib/libmoveit_robot_trajectory.so[0m
[ 53%] Built target moveit_robot_trajectory
[35m[1mScanning dependencies of target moveit_trajectory_processing[0m
[35m[1mScanning dependencies of target moveit_planning_interface[0m
[ 53%] [32mBuilding CXX object planning_interface/CMakeFiles/moveit_planning_interface.dir/src/planning_response.cpp.o[0m
[ 55%] [32mBuilding CXX object planning_interface/CMakeFiles/moveit_planning_interface.dir/src/planning_interface.cpp.o[0m
[ 57%] [32mBuilding CXX object trajectory_processing/CMakeFiles/moveit_trajectory_processing.dir/src/trajectory_tools.cpp.o[0m
[ 57%] [32mBuilding CXX object trajectory_processing/CMakeFiles/moveit_trajectory_processing.dir/src/iterative_spline_parameterization.cpp.o[0m
[ 58%] [32mBuilding CXX object trajectory_processing/CMakeFiles/moveit_trajectory_processing.dir/src/iterative_time_parameterization.cpp.o[0m
[ 60%] [32mBuilding CXX object trajectory_processing/CMakeFiles/moveit_trajectory_processing.dir/src/time_optimal_trajectory_generation.cpp.o[0m
[ 61%] [32m[1mLinking CXX shared library /workspace/ws_moveit/devel/.private/moveit_core/lib/libmoveit_kinematics_metrics.so[0m
[ 61%] [32m[1mLinking CXX shared library /workspace/ws_moveit/devel/.private/moveit_core/lib/libmoveit_collision_detection.so[0m
[ 61%] Built target moveit_collision_detection
[ 61%] Built target moveit_kinematics_metrics
[35m[1mScanning dependencies of target moveit_collision_detection_fcl[0m
[35m[1mScanning dependencies of target moveit_collision_detection_bullet[0m
[ 63%] [32mBuilding CXX object collision_detection_fcl/CMakeFiles/moveit_collision_detection_fcl.dir/src/collision_env_fcl.cpp.o[0m
[ 63%] [32mBuilding CXX object collision_detection_fcl/CMakeFiles/moveit_collision_detection_fcl.dir/src/collision_common.cpp.o[0m
[ 65%] [32mBuilding CXX object collision_detection_bullet/CMakeFiles/moveit_collision_detection_bullet.dir/src/bullet_integration/bullet_utils.cpp.o[0m
[ 66%] [32mBuilding CXX object collision_detection_bullet/CMakeFiles/moveit_collision_detection_bullet.dir/src/bullet_integration/bullet_cast_bvh_manager.cpp.o[0m
[ 66%] [32mBuilding CXX object collision_detection_bullet/CMakeFiles/moveit_collision_detection_bullet.dir/src/bullet_integration/bullet_discrete_bvh_manager.cpp.o[0m
[ 68%] [32mBuilding CXX object collision_detection_bullet/CMakeFiles/moveit_collision_detection_bullet.dir/src/collision_env_bullet.cpp.o[0m
[ 68%] [32mBuilding CXX object collision_detection_bullet/CMakeFiles/moveit_collision_detection_bullet.dir/src/bullet_integration/bullet_bvh_manager.cpp.o[0m
[ 68%] [32m[1mLinking CXX shared library /workspace/ws_moveit/devel/.private/moveit_core/lib/libmoveit_trajectory_processing.so[0m
[ 68%] Built target moveit_trajectory_processing
[ 69%] [32m[1mLinking CXX shared library /workspace/ws_moveit/devel/.private/moveit_core/lib/libmoveit_planning_interface.so[0m
[ 69%] Built target moveit_planning_interface
[ 71%] [32m[1mLinking CXX shared library /workspace/ws_moveit/devel/.private/moveit_core/lib/libmoveit_collision_detection_bullet.so[0m
[ 71%] Built target moveit_collision_detection_bullet
[ 73%] [32m[1mLinking CXX shared library /workspace/ws_moveit/devel/.private/moveit_core/lib/libmoveit_collision_detection_fcl.so[0m
[ 73%] Built target moveit_collision_detection_fcl
[35m[1mScanning dependencies of target moveit_kinematic_constraints[0m
[ 73%] [32mBuilding CXX object kinematic_constraints/CMakeFiles/moveit_kinematic_constraints.dir/src/kinematic_constraint.cpp.o[0m
[ 74%] [32mBuilding CXX object kinematic_constraints/CMakeFiles/moveit_kinematic_constraints.dir/src/utils.cpp.o[0m
[ 76%] [32m[1mLinking CXX shared library /workspace/ws_moveit/devel/.private/moveit_core/lib/libmoveit_kinematic_constraints.so[0m
[ 76%] Built target moveit_kinematic_constraints
[35m[1mScanning dependencies of target moveit_planning_scene[0m
[ 77%] [32mBuilding CXX object planning_scene/CMakeFiles/moveit_planning_scene.dir/src/planning_scene.cpp.o[0m
[ 77%] [32m[1mLinking CXX shared library /workspace/ws_moveit/devel/.private/moveit_core/lib/libmoveit_planning_scene.so[0m
[ 77%] Built target moveit_planning_scene
[35m[1mScanning dependencies of target pymoveit_core[0m
[35m[1mScanning dependencies of target collision_detector_fcl_plugin[0m
[35m[1mScanning dependencies of target moveit_constraint_samplers[0m
[35m[1mScanning dependencies of target collision_detector_bullet_plugin[0m
[35m[1mScanning dependencies of target moveit_collision_distance_field[0m
[35m[1mScanning dependencies of target moveit_planning_request_adapter[0m
[ 77%] [32mBuilding CXX object planning_request_adapter/CMakeFiles/moveit_planning_request_adapter.dir/src/planning_request_adapter.cpp.o[0m
[ 77%] [32mBuilding CXX object collision_detection_fcl/CMakeFiles/collision_detector_fcl_plugin.dir/src/collision_detector_fcl_plugin_loader.cpp.o[0m
[ 77%] [32mBuilding CXX object collision_detection_bullet/CMakeFiles/collision_detector_bullet_plugin.dir/src/collision_detector_bullet_plugin_loader.cpp.o[0m
[ 77%] [32mBuilding CXX object collision_distance_field/CMakeFiles/moveit_collision_distance_field.dir/src/collision_distance_field_types.cpp.o[0m
[ 79%] [32mBuilding CXX object collision_distance_field/CMakeFiles/moveit_collision_distance_field.dir/src/collision_common_distance_field.cpp.o[0m
[ 79%] [32mBuilding CXX object collision_distance_field/CMakeFiles/moveit_collision_distance_field.dir/src/collision_env_distance_field.cpp.o[0m
[ 80%] [32mBuilding CXX object collision_distance_field/CMakeFiles/moveit_collision_distance_field.dir/src/collision_env_hybrid.cpp.o[0m
[ 80%] [32mBuilding CXX object constraint_samplers/CMakeFiles/moveit_constraint_samplers.dir/src/constraint_sampler.cpp.o[0m
[ 82%] [32mBuilding CXX object constraint_samplers/CMakeFiles/moveit_constraint_samplers.dir/src/constraint_sampler_manager.cpp.o[0m
[ 84%] [32mBuilding CXX object constraint_samplers/CMakeFiles/moveit_constraint_samplers.dir/src/constraint_sampler_tools.cpp.o[0m
[ 84%] [32mBuilding CXX object constraint_samplers/CMakeFiles/moveit_constraint_samplers.dir/src/default_constraint_samplers.cpp.o[0m
[ 84%] [32mBuilding CXX object CMakeFiles/pymoveit_core.dir/python/pymoveit_core.cpp.o[0m
[ 85%] [32mBuilding CXX object constraint_samplers/CMakeFiles/moveit_constraint_samplers.dir/src/union_constraint_sampler.cpp.o[0m
[ 87%] [32m[1mLinking CXX shared library /workspace/ws_moveit/devel/.private/moveit_core/lib/libmoveit_planning_request_adapter.so[0m
[ 87%] Built target moveit_planning_request_adapter
[ 88%] [32mBuilding CXX object CMakeFiles/pymoveit_core.dir/collision_detection/src/pycollision_detection.cpp.o[0m
[ 90%] [32m[1mLinking CXX shared library /workspace/ws_moveit/devel/.private/moveit_core/lib/libcollision_detector_fcl_plugin.so[0m
[ 92%] [32mBuilding CXX object CMakeFiles/pymoveit_core.dir/robot_model/src/pyrobot_model.cpp.o[0m
[ 93%] [32m[1mLinking CXX shared library /workspace/ws_moveit/devel/.private/moveit_core/lib/libcollision_detector_bullet_plugin.so[0m
[ 93%] [32mBuilding CXX object CMakeFiles/pymoveit_core.dir/robot_state/src/pyrobot_state.cpp.o[0m
[ 93%] Built target collision_detector_fcl_plugin
[ 95%] [32mBuilding CXX object CMakeFiles/pymoveit_core.dir/transforms/src/pytransforms.cpp.o[0m
[ 95%] Built target collision_detector_bullet_plugin
[ 95%] [32mBuilding CXX object CMakeFiles/pymoveit_core.dir/planning_scene/src/pyplanning_scene.cpp.o[0m
[ 96%] [32mBuilding CXX object CMakeFiles/pymoveit_core.dir/kinematic_constraints/src/pykinematic_constraint.cpp.o[0m
[ 98%] [32m[1mLinking CXX shared library /workspace/ws_moveit/devel/.private/moveit_core/lib/libmoveit_collision_distance_field.so[0m
[ 98%] Built target moveit_collision_distance_field
[ 98%] [32m[1mLinking CXX shared library /workspace/ws_moveit/devel/.private/moveit_core/lib/libmoveit_constraint_samplers.so[0m
[ 98%] Built target moveit_constraint_samplers
[100%] [32m[1mLinking CXX shared module /workspace/ws_moveit/devel/.private/moveit_core/lib/python2.7/dist-packages/pymoveit_core.so[0m
[100%] Built target pymoveit_core
