Determining if the pthread_create exist failed with the following output:
Change Dir: /workspace/ws_moveit/build/chomp_motion_planner/CMakeFiles/CMakeTmp

Run Build Command:"/usr/bin/make" "cmTC_995ff/fast"
/usr/bin/make -f CMakeFiles/cmTC_995ff.dir/build.make CMakeFiles/cmTC_995ff.dir/build
make[1]: Entering directory '/workspace/ws_moveit/build/chomp_motion_planner/CMakeFiles/CMakeTmp'
Building C object CMakeFiles/cmTC_995ff.dir/CheckSymbolExists.c.o
/usr/bin/cc    -o CMakeFiles/cmTC_995ff.dir/CheckSymbolExists.c.o   -c /workspace/ws_moveit/build/chomp_motion_planner/CMakeFiles/CMakeTmp/CheckSymbolExists.c
Linking C executable cmTC_995ff
/usr/bin/cmake -E cmake_link_script CMakeFiles/cmTC_995ff.dir/link.txt --verbose=1
/usr/bin/cc      -rdynamic CMakeFiles/cmTC_995ff.dir/CheckSymbolExists.c.o  -o cmTC_995ff 
CMakeFiles/cmTC_995ff.dir/CheckSymbolExists.c.o: In function `main':
CheckSymbolExists.c:(.text+0x1b): undefined reference to `pthread_create'
collect2: error: ld returned 1 exit status
CMakeFiles/cmTC_995ff.dir/build.make:97: recipe for target 'cmTC_995ff' failed
make[1]: *** [cmTC_995ff] Error 1
make[1]: Leaving directory '/workspace/ws_moveit/build/chomp_motion_planner/CMakeFiles/CMakeTmp'
Makefile:126: recipe for target 'cmTC_995ff/fast' failed
make: *** [cmTC_995ff/fast] Error 2

File /workspace/ws_moveit/build/chomp_motion_planner/CMakeFiles/CMakeTmp/CheckSymbolExists.c:
/* */
#include <pthread.h>

int main(int argc, char** argv)
{
  (void)argv;
#ifndef pthread_create
  return ((int*)(&pthread_create))[argc];
#else
  (void)argc;
  return 0;
#endif
}

Determining if the function pthread_create exists in the pthreads failed with the following output:
Change Dir: /workspace/ws_moveit/build/chomp_motion_planner/CMakeFiles/CMakeTmp

Run Build Command:"/usr/bin/make" "cmTC_289ac/fast"
/usr/bin/make -f CMakeFiles/cmTC_289ac.dir/build.make CMakeFiles/cmTC_289ac.dir/build
make[1]: Entering directory '/workspace/ws_moveit/build/chomp_motion_planner/CMakeFiles/CMakeTmp'
Building C object CMakeFiles/cmTC_289ac.dir/CheckFunctionExists.c.o
/usr/bin/cc   -DCHECK_FUNCTION_EXISTS=pthread_create   -o CMakeFiles/cmTC_289ac.dir/CheckFunctionExists.c.o   -c /usr/share/cmake-3.10/Modules/CheckFunctionExists.c
Linking C executable cmTC_289ac
/usr/bin/cmake -E cmake_link_script CMakeFiles/cmTC_289ac.dir/link.txt --verbose=1
/usr/bin/cc  -DCHECK_FUNCTION_EXISTS=pthread_create    -rdynamic CMakeFiles/cmTC_289ac.dir/CheckFunctionExists.c.o  -o cmTC_289ac -lpthreads 
/usr/bin/ld: cannot find -lpthreads
collect2: error: ld returned 1 exit status
CMakeFiles/cmTC_289ac.dir/build.make:97: recipe for target 'cmTC_289ac' failed
make[1]: *** [cmTC_289ac] Error 1
make[1]: Leaving directory '/workspace/ws_moveit/build/chomp_motion_planner/CMakeFiles/CMakeTmp'
Makefile:126: recipe for target 'cmTC_289ac/fast' failed
make: *** [cmTC_289ac/fast] Error 2


