Determining if the pthread_create exist failed with the following output:
Change Dir: /workspace/ws_denso/build/catkin_tools_prebuild/CMakeFiles/CMakeTmp

Run Build Command:"/usr/bin/make" "cmTC_1092f/fast"
/usr/bin/make -f CMakeFiles/cmTC_1092f.dir/build.make CMakeFiles/cmTC_1092f.dir/build
make[1]: Entering directory '/workspace/ws_denso/build/catkin_tools_prebuild/CMakeFiles/CMakeTmp'
Building C object CMakeFiles/cmTC_1092f.dir/CheckSymbolExists.c.o
/usr/bin/cc    -o CMakeFiles/cmTC_1092f.dir/CheckSymbolExists.c.o   -c /workspace/ws_denso/build/catkin_tools_prebuild/CMakeFiles/CMakeTmp/CheckSymbolExists.c
Linking C executable cmTC_1092f
/usr/bin/cmake -E cmake_link_script CMakeFiles/cmTC_1092f.dir/link.txt --verbose=1
/usr/bin/cc      -rdynamic CMakeFiles/cmTC_1092f.dir/CheckSymbolExists.c.o  -o cmTC_1092f 
CMakeFiles/cmTC_1092f.dir/CheckSymbolExists.c.o: In function `main':
CheckSymbolExists.c:(.text+0x1b): undefined reference to `pthread_create'
collect2: error: ld returned 1 exit status
CMakeFiles/cmTC_1092f.dir/build.make:97: recipe for target 'cmTC_1092f' failed
make[1]: *** [cmTC_1092f] Error 1
make[1]: Leaving directory '/workspace/ws_denso/build/catkin_tools_prebuild/CMakeFiles/CMakeTmp'
Makefile:126: recipe for target 'cmTC_1092f/fast' failed
make: *** [cmTC_1092f/fast] Error 2

File /workspace/ws_denso/build/catkin_tools_prebuild/CMakeFiles/CMakeTmp/CheckSymbolExists.c:
/* */
#include <pthread.h>

int main(int argc, char** argv)
{
  (void)argv;
#ifndef pthread_create
  return ((int*)(&pthread_create))[argc];
#else
  (void)argc;
  return 0;
#endif
}

Determining if the function pthread_create exists in the pthreads failed with the following output:
Change Dir: /workspace/ws_denso/build/catkin_tools_prebuild/CMakeFiles/CMakeTmp

Run Build Command:"/usr/bin/make" "cmTC_abc5e/fast"
/usr/bin/make -f CMakeFiles/cmTC_abc5e.dir/build.make CMakeFiles/cmTC_abc5e.dir/build
make[1]: Entering directory '/workspace/ws_denso/build/catkin_tools_prebuild/CMakeFiles/CMakeTmp'
Building C object CMakeFiles/cmTC_abc5e.dir/CheckFunctionExists.c.o
/usr/bin/cc   -DCHECK_FUNCTION_EXISTS=pthread_create   -o CMakeFiles/cmTC_abc5e.dir/CheckFunctionExists.c.o   -c /usr/share/cmake-3.10/Modules/CheckFunctionExists.c
Linking C executable cmTC_abc5e
/usr/bin/cmake -E cmake_link_script CMakeFiles/cmTC_abc5e.dir/link.txt --verbose=1
/usr/bin/cc  -DCHECK_FUNCTION_EXISTS=pthread_create    -rdynamic CMakeFiles/cmTC_abc5e.dir/CheckFunctionExists.c.o  -o cmTC_abc5e -lpthreads 
/usr/bin/ld: cannot find -lpthreads
collect2: error: ld returned 1 exit status
CMakeFiles/cmTC_abc5e.dir/build.make:97: recipe for target 'cmTC_abc5e' failed
make[1]: *** [cmTC_abc5e] Error 1
make[1]: Leaving directory '/workspace/ws_denso/build/catkin_tools_prebuild/CMakeFiles/CMakeTmp'
Makefile:126: recipe for target 'cmTC_abc5e/fast' failed
make: *** [cmTC_abc5e/fast] Error 2


